\BOOKMARK [0][-]{chapter.1}{\376\377\0001\000\040\000T\000o\000d\000o\000\040\000L\000i\000s\000t}{}% 1
\BOOKMARK [0][-]{chapter.2}{\376\377\0002\000\040\000N\000a\000m\000e\000s\000p\000a\000c\000e\000\040\000I\000n\000d\000e\000x}{}% 2
\BOOKMARK [1][-]{section.2.1}{\376\377\0002\000.\0001\000\040\000N\000a\000m\000e\000s\000p\000a\000c\000e\000\040\000L\000i\000s\000t}{chapter.2}% 3
\BOOKMARK [0][-]{chapter.3}{\376\377\0003\000\040\000H\000i\000e\000r\000a\000r\000c\000h\000i\000c\000a\000l\000\040\000I\000n\000d\000e\000x}{}% 4
\BOOKMARK [1][-]{section.3.1}{\376\377\0003\000.\0001\000\040\000C\000l\000a\000s\000s\000\040\000H\000i\000e\000r\000a\000r\000c\000h\000y}{chapter.3}% 5
\BOOKMARK [0][-]{chapter.4}{\376\377\0004\000\040\000C\000l\000a\000s\000s\000\040\000I\000n\000d\000e\000x}{}% 6
\BOOKMARK [1][-]{section.4.1}{\376\377\0004\000.\0001\000\040\000C\000l\000a\000s\000s\000\040\000L\000i\000s\000t}{chapter.4}% 7
\BOOKMARK [0][-]{chapter.5}{\376\377\0005\000\040\000N\000a\000m\000e\000s\000p\000a\000c\000e\000\040\000D\000o\000c\000u\000m\000e\000n\000t\000a\000t\000i\000o\000n}{}% 8
\BOOKMARK [1][-]{section.5.1}{\376\377\0005\000.\0001\000\040\000D\000o\000t\000N\000e\000t\000I\000d\000e\000n\000t\000i\000t\000y\000\040\000N\000a\000m\000e\000s\000p\000a\000c\000e\000\040\000R\000e\000f\000e\000r\000e\000n\000c\000e}{chapter.5}% 9
\BOOKMARK [1][-]{section.5.2}{\376\377\0005\000.\0002\000\040\000D\000o\000t\000N\000e\000t\000I\000d\000e\000n\000t\000i\000t\000y\000.\000C\000o\000n\000t\000r\000o\000l\000l\000e\000r\000s\000\040\000N\000a\000m\000e\000s\000p\000a\000c\000e\000\040\000R\000e\000f\000e\000r\000e\000n\000c\000e}{chapter.5}% 10
\BOOKMARK [1][-]{section.5.3}{\376\377\0005\000.\0003\000\040\000D\000o\000t\000N\000e\000t\000I\000d\000e\000n\000t\000i\000t\000y\000.\000D\000a\000t\000a\000\040\000N\000a\000m\000e\000s\000p\000a\000c\000e\000\040\000R\000e\000f\000e\000r\000e\000n\000c\000e}{chapter.5}% 11
\BOOKMARK [1][-]{section.5.4}{\376\377\0005\000.\0004\000\040\000D\000o\000t\000N\000e\000t\000I\000d\000e\000n\000t\000i\000t\000y\000.\000H\000e\000l\000p\000e\000r\000s\000\040\000N\000a\000m\000e\000s\000p\000a\000c\000e\000\040\000R\000e\000f\000e\000r\000e\000n\000c\000e}{chapter.5}% 12
\BOOKMARK [1][-]{section.5.5}{\376\377\0005\000.\0005\000\040\000D\000o\000t\000N\000e\000t\000I\000d\000e\000n\000t\000i\000t\000y\000.\000H\000e\000l\000p\000e\000r\000s\000.\000T\000a\000g\000H\000e\000l\000p\000e\000r\000s\000\040\000N\000a\000m\000e\000s\000p\000a\000c\000e\000\040\000R\000e\000f\000e\000r\000e\000n\000c\000e}{chapter.5}% 13
\BOOKMARK [1][-]{section.5.6}{\376\377\0005\000.\0006\000\040\000D\000o\000t\000N\000e\000t\000I\000d\000e\000n\000t\000i\000t\000y\000.\000I\000d\000e\000n\000t\000i\000t\000y\000S\000e\000t\000t\000i\000n\000g\000s\000\040\000N\000a\000m\000e\000s\000p\000a\000c\000e\000\040\000R\000e\000f\000e\000r\000e\000n\000c\000e}{chapter.5}% 14
\BOOKMARK [1][-]{section.5.7}{\376\377\0005\000.\0007\000\040\000D\000o\000t\000N\000e\000t\000I\000d\000e\000n\000t\000i\000t\000y\000.\000I\000d\000e\000n\000t\000i\000t\000y\000S\000e\000t\000t\000i\000n\000g\000s\000.\000R\000e\000q\000u\000i\000r\000e\000m\000e\000n\000t\000s\000\040\000N\000a\000m\000e\000s\000p\000a\000c\000e\000\040\000R\000e\000f\000e\000r\000e\000n\000c\000e}{chapter.5}% 15
\BOOKMARK [1][-]{section.5.8}{\376\377\0005\000.\0008\000\040\000D\000o\000t\000N\000e\000t\000I\000d\000e\000n\000t\000i\000t\000y\000.\000I\000d\000e\000n\000t\000i\000t\000y\000S\000e\000t\000t\000i\000n\000g\000s\000.\000V\000a\000l\000i\000d\000a\000t\000o\000r\000s\000\040\000N\000a\000m\000e\000s\000p\000a\000c\000e\000\040\000R\000e\000f\000e\000r\000e\000n\000c\000e}{chapter.5}% 16
\BOOKMARK [1][-]{section.5.9}{\376\377\0005\000.\0009\000\040\000D\000o\000t\000N\000e\000t\000I\000d\000e\000n\000t\000i\000t\000y\000.\000M\000o\000d\000e\000l\000s\000\040\000N\000a\000m\000e\000s\000p\000a\000c\000e\000\040\000R\000e\000f\000e\000r\000e\000n\000c\000e}{chapter.5}% 17
\BOOKMARK [2][-]{subsection.5.9.1}{\376\377\0005\000.\0009\000.\0001\000\040\000E\000n\000u\000m\000e\000r\000a\000t\000i\000o\000n\000\040\000T\000y\000p\000e\000\040\000D\000o\000c\000u\000m\000e\000n\000t\000a\000t\000i\000o\000n}{section.5.9}% 18
\BOOKMARK [3][-]{subsubsection.5.9.1.1}{\376\377\0005\000.\0009\000.\0001\000.\0001\000\040\000D\000e\000p\000a\000r\000t\000m\000e\000n\000t}{subsection.5.9.1}% 19
\BOOKMARK [3][-]{subsubsection.5.9.1.2}{\376\377\0005\000.\0009\000.\0001\000.\0002\000\040\000G\000e\000n\000d\000e\000r}{subsection.5.9.1}% 20
\BOOKMARK [3][-]{subsubsection.5.9.1.3}{\376\377\0005\000.\0009\000.\0001\000.\0003\000\040\000T\000w\000o\000F\000a\000c\000t\000o\000r\000T\000y\000p\000e}{subsection.5.9.1}% 21
\BOOKMARK [1][-]{section.5.10}{\376\377\0005\000.\0001\0000\000\040\000D\000o\000t\000N\000e\000t\000I\000d\000e\000n\000t\000i\000t\000y\000.\000M\000o\000d\000e\000l\000s\000.\000B\000u\000s\000i\000n\000e\000s\000s\000M\000o\000d\000e\000l\000s\000\040\000N\000a\000m\000e\000s\000p\000a\000c\000e\000\040\000R\000e\000f\000e\000r\000e\000n\000c\000e}{chapter.5}% 22
\BOOKMARK [1][-]{section.5.11}{\376\377\0005\000.\0001\0001\000\040\000D\000o\000t\000N\000e\000t\000I\000d\000e\000n\000t\000i\000t\000y\000.\000M\000o\000d\000e\000l\000s\000.\000D\000a\000t\000a\000M\000o\000d\000e\000l\000s\000\040\000N\000a\000m\000e\000s\000p\000a\000c\000e\000\040\000R\000e\000f\000e\000r\000e\000n\000c\000e}{chapter.5}% 23
\BOOKMARK [1][-]{section.5.12}{\376\377\0005\000.\0001\0002\000\040\000D\000o\000t\000N\000e\000t\000I\000d\000e\000n\000t\000i\000t\000y\000.\000M\000o\000d\000e\000l\000s\000.\000I\000d\000e\000n\000t\000i\000t\000y\000\040\000N\000a\000m\000e\000s\000p\000a\000c\000e\000\040\000R\000e\000f\000e\000r\000e\000n\000c\000e}{chapter.5}% 24
\BOOKMARK [1][-]{section.5.13}{\376\377\0005\000.\0001\0003\000\040\000D\000o\000t\000N\000e\000t\000I\000d\000e\000n\000t\000i\000t\000y\000.\000M\000o\000d\000e\000l\000s\000.\000V\000i\000e\000w\000M\000o\000d\000e\000l\000s\000\040\000N\000a\000m\000e\000s\000p\000a\000c\000e\000\040\000R\000e\000f\000e\000r\000e\000n\000c\000e}{chapter.5}% 25
\BOOKMARK [1][-]{section.5.14}{\376\377\0005\000.\0001\0004\000\040\000D\000o\000t\000N\000e\000t\000I\000d\000e\000n\000t\000i\000t\000y\000.\000S\000e\000r\000v\000i\000c\000e\000s\000\040\000N\000a\000m\000e\000s\000p\000a\000c\000e\000\040\000R\000e\000f\000e\000r\000e\000n\000c\000e}{chapter.5}% 26
\BOOKMARK [1][-]{section.5.15}{\376\377\0005\000.\0001\0005\000\040\000D\000o\000t\000N\000e\000t\000I\000d\000e\000n\000t\000i\000t\000y\000.\000S\000e\000r\000v\000i\000c\000e\000s\000.\000S\000e\000t\000t\000i\000n\000g\000s\000S\000e\000r\000v\000i\000c\000e\000\040\000N\000a\000m\000e\000s\000p\000a\000c\000e\000\040\000R\000e\000f\000e\000r\000e\000n\000c\000e}{chapter.5}% 27
\BOOKMARK [0][-]{chapter.6}{\376\377\0006\000\040\000C\000l\000a\000s\000s\000\040\000D\000o\000c\000u\000m\000e\000n\000t\000a\000t\000i\000o\000n}{}% 28
\BOOKMARK [1][-]{section.6.1}{\376\377\0006\000.\0001\000\040\000D\000o\000t\000N\000e\000t\000I\000d\000e\000n\000t\000i\000t\000y\000.\000C\000o\000n\000t\000r\000o\000l\000l\000e\000r\000s\000.\000A\000d\000m\000i\000n\000C\000o\000n\000t\000r\000o\000l\000l\000e\000r\000\040\000C\000l\000a\000s\000s\000\040\000R\000e\000f\000e\000r\000e\000n\000c\000e}{chapter.6}% 29
\BOOKMARK [2][-]{subsection.6.1.1}{\376\377\0006\000.\0001\000.\0001\000\040\000D\000e\000t\000a\000i\000l\000e\000d\000\040\000D\000e\000s\000c\000r\000i\000p\000t\000i\000o\000n}{section.6.1}% 30
\BOOKMARK [2][-]{subsection.6.1.2}{\376\377\0006\000.\0001\000.\0002\000\040\000C\000o\000n\000s\000t\000r\000u\000c\000t\000o\000r\000\040\000\046\000\040\000D\000e\000s\000t\000r\000u\000c\000t\000o\000r\000\040\000D\000o\000c\000u\000m\000e\000n\000t\000a\000t\000i\000o\000n}{section.6.1}% 31
\BOOKMARK [3][-]{subsubsection.6.1.2.1}{\376\377\0006\000.\0001\000.\0002\000.\0001\000\040\000A\000d\000m\000i\000n\000C\000o\000n\000t\000r\000o\000l\000l\000e\000r\000\050\000\051}{subsection.6.1.2}% 32
\BOOKMARK [2][-]{subsection.6.1.3}{\376\377\0006\000.\0001\000.\0003\000\040\000M\000e\000m\000b\000e\000r\000\040\000F\000u\000n\000c\000t\000i\000o\000n\000\040\000D\000o\000c\000u\000m\000e\000n\000t\000a\000t\000i\000o\000n}{section.6.1}% 33
\BOOKMARK [3][-]{subsubsection.6.1.3.1}{\376\377\0006\000.\0001\000.\0003\000.\0001\000\040\000A\000u\000d\000i\000t\000L\000o\000g\000s\000\050\000\051}{subsection.6.1.3}% 34
\BOOKMARK [3][-]{subsubsection.6.1.3.2}{\376\377\0006\000.\0001\000.\0003\000.\0002\000\040\000D\000e\000l\000e\000t\000e\000R\000o\000l\000e\000\050\000\051}{subsection.6.1.3}% 35
\BOOKMARK [3][-]{subsubsection.6.1.3.3}{\376\377\0006\000.\0001\000.\0003\000.\0003\000\040\000D\000e\000l\000e\000t\000e\000U\000s\000e\000r\000\050\000\051}{subsection.6.1.3}% 36
\BOOKMARK [3][-]{subsubsection.6.1.3.4}{\376\377\0006\000.\0001\000.\0003\000.\0004\000\040\000D\000i\000s\000a\000b\000l\000e\000L\000d\000a\000p\000L\000o\000g\000i\000n\000\050\000\051}{subsection.6.1.3}% 37
\BOOKMARK [3][-]{subsubsection.6.1.3.5}{\376\377\0006\000.\0001\000.\0003\000.\0005\000\040\000D\000i\000s\000a\000b\000l\000e\000M\000f\000a\000F\000o\000r\000c\000e\000\050\000\051}{subsection.6.1.3}% 38
\BOOKMARK [3][-]{subsubsection.6.1.3.6}{\376\377\0006\000.\0001\000.\0003\000.\0006\000\040\000D\000i\000s\000a\000b\000l\000e\000U\000s\000e\000r\000\050\000\051}{subsection.6.1.3}% 39
\BOOKMARK [3][-]{subsubsection.6.1.3.7}{\376\377\0006\000.\0001\000.\0003\000.\0007\000\040\000E\000d\000i\000t\000U\000s\000e\000r\000\050\000\051\000\040\000[\0001\000/\0002\000]}{subsection.6.1.3}% 40
\BOOKMARK [3][-]{subsubsection.6.1.3.8}{\376\377\0006\000.\0001\000.\0003\000.\0008\000\040\000E\000d\000i\000t\000U\000s\000e\000r\000\050\000\051\000\040\000[\0002\000/\0002\000]}{subsection.6.1.3}% 41
\BOOKMARK [3][-]{subsubsection.6.1.3.9}{\376\377\0006\000.\0001\000.\0003\000.\0009\000\040\000E\000n\000a\000b\000l\000e\000L\000d\000a\000p\000L\000o\000g\000i\000n\000\050\000\051}{subsection.6.1.3}% 42
\BOOKMARK [3][-]{subsubsection.6.1.3.10}{\376\377\0006\000.\0001\000.\0003\000.\0001\0000\000\040\000E\000n\000a\000b\000l\000e\000M\000f\000a\000F\000o\000r\000c\000e\000\050\000\051}{subsection.6.1.3}% 43
\BOOKMARK [3][-]{subsubsection.6.1.3.11}{\376\377\0006\000.\0001\000.\0003\000.\0001\0001\000\040\000E\000n\000a\000b\000l\000e\000U\000s\000e\000r\000\050\000\051}{subsection.6.1.3}% 44
\BOOKMARK [3][-]{subsubsection.6.1.3.12}{\376\377\0006\000.\0001\000.\0003\000.\0001\0002\000\040\000E\000r\000r\000o\000r\000L\000o\000g\000s\000\050\000\051}{subsection.6.1.3}% 45
\BOOKMARK [3][-]{subsubsection.6.1.3.13}{\376\377\0006\000.\0001\000.\0003\000.\0001\0003\000\040\000G\000e\000t\000A\000p\000p\000L\000o\000g\000s\000\050\000\051}{subsection.6.1.3}% 46
\BOOKMARK [3][-]{subsubsection.6.1.3.14}{\376\377\0006\000.\0001\000.\0003\000.\0001\0004\000\040\000G\000e\000t\000A\000u\000d\000i\000t\000L\000o\000g\000s\000\050\000\051}{subsection.6.1.3}% 47
\BOOKMARK [3][-]{subsubsection.6.1.3.15}{\376\377\0006\000.\0001\000.\0003\000.\0001\0005\000\040\000G\000e\000t\000E\000r\000r\000o\000r\000L\000o\000g\000s\000\050\000\051}{subsection.6.1.3}% 48
\BOOKMARK [3][-]{subsubsection.6.1.3.16}{\376\377\0006\000.\0001\000.\0003\000.\0001\0006\000\040\000G\000e\000t\000U\000s\000e\000r\000s\000\050\000\051}{subsection.6.1.3}% 49
\BOOKMARK [3][-]{subsubsection.6.1.3.17}{\376\377\0006\000.\0001\000.\0003\000.\0001\0007\000\040\000I\000n\000d\000e\000x\000\050\000\051}{subsection.6.1.3}% 50
\BOOKMARK [3][-]{subsubsection.6.1.3.18}{\376\377\0006\000.\0001\000.\0003\000.\0001\0008\000\040\000N\000e\000w\000U\000s\000e\000r\000\050\000\051\000\040\000[\0001\000/\0002\000]}{subsection.6.1.3}% 51
\BOOKMARK [3][-]{subsubsection.6.1.3.19}{\376\377\0006\000.\0001\000.\0003\000.\0001\0009\000\040\000N\000e\000w\000U\000s\000e\000r\000\050\000\051\000\040\000[\0002\000/\0002\000]}{subsection.6.1.3}% 52
\BOOKMARK [3][-]{subsubsection.6.1.3.20}{\376\377\0006\000.\0001\000.\0003\000.\0002\0000\000\040\000R\000o\000l\000e\000s\000\050\000\051}{subsection.6.1.3}% 53
\BOOKMARK [3][-]{subsubsection.6.1.3.21}{\376\377\0006\000.\0001\000.\0003\000.\0002\0001\000\040\000S\000y\000s\000t\000e\000m\000L\000o\000g\000s\000\050\000\051}{subsection.6.1.3}% 54
\BOOKMARK [3][-]{subsubsection.6.1.3.22}{\376\377\0006\000.\0001\000.\0003\000.\0002\0002\000\040\000U\000p\000s\000e\000r\000t\000R\000o\000l\000e\000\050\000\051\000\040\000[\0001\000/\0002\000]}{subsection.6.1.3}% 55
\BOOKMARK [3][-]{subsubsection.6.1.3.23}{\376\377\0006\000.\0001\000.\0003\000.\0002\0003\000\040\000U\000p\000s\000e\000r\000t\000R\000o\000l\000e\000\050\000\051\000\040\000[\0002\000/\0002\000]}{subsection.6.1.3}% 56
\BOOKMARK [3][-]{subsubsection.6.1.3.24}{\376\377\0006\000.\0001\000.\0003\000.\0002\0004\000\040\000U\000s\000e\000r\000s\000\050\000\051}{subsection.6.1.3}% 57
\BOOKMARK [1][-]{section.6.2}{\376\377\0006\000.\0002\000\040\000D\000o\000t\000N\000e\000t\000I\000d\000e\000n\000t\000i\000t\000y\000.\000D\000a\000t\000a\000.\000A\000p\000p\000D\000b\000C\000o\000n\000t\000e\000x\000t\000\040\000C\000l\000a\000s\000s\000\040\000R\000e\000f\000e\000r\000e\000n\000c\000e}{chapter.6}% 58
\BOOKMARK [2][-]{subsection.6.2.1}{\376\377\0006\000.\0002\000.\0001\000\040\000D\000e\000t\000a\000i\000l\000e\000d\000\040\000D\000e\000s\000c\000r\000i\000p\000t\000i\000o\000n}{section.6.2}% 59
\BOOKMARK [2][-]{subsection.6.2.2}{\376\377\0006\000.\0002\000.\0002\000\040\000C\000o\000n\000s\000t\000r\000u\000c\000t\000o\000r\000\040\000\046\000\040\000D\000e\000s\000t\000r\000u\000c\000t\000o\000r\000\040\000D\000o\000c\000u\000m\000e\000n\000t\000a\000t\000i\000o\000n}{section.6.2}% 60
\BOOKMARK [3][-]{subsubsection.6.2.2.1}{\376\377\0006\000.\0002\000.\0002\000.\0001\000\040\000A\000p\000p\000D\000b\000C\000o\000n\000t\000e\000x\000t\000\050\000\051}{subsection.6.2.2}% 61
\BOOKMARK [2][-]{subsection.6.2.3}{\376\377\0006\000.\0002\000.\0003\000\040\000M\000e\000m\000b\000e\000r\000\040\000F\000u\000n\000c\000t\000i\000o\000n\000\040\000D\000o\000c\000u\000m\000e\000n\000t\000a\000t\000i\000o\000n}{section.6.2}% 62
\BOOKMARK [3][-]{subsubsection.6.2.3.1}{\376\377\0006\000.\0002\000.\0003\000.\0001\000\040\000O\000n\000M\000o\000d\000e\000l\000C\000r\000e\000a\000t\000i\000n\000g\000\050\000\051}{subsection.6.2.3}% 63
\BOOKMARK [2][-]{subsection.6.2.4}{\376\377\0006\000.\0002\000.\0004\000\040\000P\000r\000o\000p\000e\000r\000t\000y\000\040\000D\000o\000c\000u\000m\000e\000n\000t\000a\000t\000i\000o\000n}{section.6.2}% 64
\BOOKMARK [3][-]{subsubsection.6.2.4.1}{\376\377\0006\000.\0002\000.\0004\000.\0001\000\040\000A\000p\000p\000L\000o\000g\000s}{subsection.6.2.4}% 65
\BOOKMARK [3][-]{subsubsection.6.2.4.2}{\376\377\0006\000.\0002\000.\0004\000.\0002\000\040\000A\000p\000p\000S\000e\000s\000s\000i\000o\000n\000C\000a\000c\000h\000e}{subsection.6.2.4}% 66
\BOOKMARK [3][-]{subsubsection.6.2.4.3}{\376\377\0006\000.\0002\000.\0004\000.\0003\000\040\000A\000p\000p\000S\000e\000t\000t\000i\000n\000g\000s}{subsection.6.2.4}% 67
\BOOKMARK [1][-]{section.6.3}{\376\377\0006\000.\0003\000\040\000D\000o\000t\000N\000e\000t\000I\000d\000e\000n\000t\000i\000t\000y\000.\000M\000o\000d\000e\000l\000s\000.\000D\000a\000t\000a\000M\000o\000d\000e\000l\000s\000.\000A\000p\000p\000l\000i\000c\000a\000t\000i\000o\000n\000S\000e\000t\000t\000i\000n\000g\000s\000\040\000C\000l\000a\000s\000s\000\040\000R\000e\000f\000e\000r\000e\000n\000c\000e}{chapter.6}% 68
\BOOKMARK [2][-]{subsection.6.3.1}{\376\377\0006\000.\0003\000.\0001\000\040\000D\000e\000t\000a\000i\000l\000e\000d\000\040\000D\000e\000s\000c\000r\000i\000p\000t\000i\000o\000n}{section.6.3}% 69
\BOOKMARK [2][-]{subsection.6.3.2}{\376\377\0006\000.\0003\000.\0002\000\040\000P\000r\000o\000p\000e\000r\000t\000y\000\040\000D\000o\000c\000u\000m\000e\000n\000t\000a\000t\000i\000o\000n}{section.6.3}% 70
\BOOKMARK [3][-]{subsubsection.6.3.2.1}{\376\377\0006\000.\0003\000.\0002\000.\0001\000\040\000N\000a\000m\000e}{subsection.6.3.2}% 71
\BOOKMARK [3][-]{subsubsection.6.3.2.2}{\376\377\0006\000.\0003\000.\0002\000.\0002\000\040\000T\000y\000p\000e}{subsection.6.3.2}% 72
\BOOKMARK [3][-]{subsubsection.6.3.2.3}{\376\377\0006\000.\0003\000.\0002\000.\0003\000\040\000V\000a\000l\000u\000e}{subsection.6.3.2}% 73
\BOOKMARK [1][-]{section.6.4}{\376\377\0006\000.\0004\000\040\000D\000o\000t\000N\000e\000t\000I\000d\000e\000n\000t\000i\000t\000y\000.\000M\000o\000d\000e\000l\000s\000.\000D\000a\000t\000a\000M\000o\000d\000e\000l\000s\000.\000A\000p\000p\000L\000o\000g\000s\000\040\000C\000l\000a\000s\000s\000\040\000R\000e\000f\000e\000r\000e\000n\000c\000e}{chapter.6}% 74
\BOOKMARK [2][-]{subsection.6.4.1}{\376\377\0006\000.\0004\000.\0001\000\040\000D\000e\000t\000a\000i\000l\000e\000d\000\040\000D\000e\000s\000c\000r\000i\000p\000t\000i\000o\000n}{section.6.4}% 75
\BOOKMARK [2][-]{subsection.6.4.2}{\376\377\0006\000.\0004\000.\0002\000\040\000P\000r\000o\000p\000e\000r\000t\000y\000\040\000D\000o\000c\000u\000m\000e\000n\000t\000a\000t\000i\000o\000n}{section.6.4}% 76
\BOOKMARK [3][-]{subsubsection.6.4.2.1}{\376\377\0006\000.\0004\000.\0002\000.\0001\000\040\000E\000x\000c\000e\000p\000t\000i\000o\000n}{subsection.6.4.2}% 77
\BOOKMARK [3][-]{subsubsection.6.4.2.2}{\376\377\0006\000.\0004\000.\0002\000.\0002\000\040\000i\000d}{subsection.6.4.2}% 78
\BOOKMARK [3][-]{subsubsection.6.4.2.3}{\376\377\0006\000.\0004\000.\0002\000.\0003\000\040\000L\000e\000v\000e\000l}{subsection.6.4.2}% 79
\BOOKMARK [3][-]{subsubsection.6.4.2.4}{\376\377\0006\000.\0004\000.\0002\000.\0004\000\040\000M\000e\000s\000s\000a\000g\000e}{subsection.6.4.2}% 80
\BOOKMARK [3][-]{subsubsection.6.4.2.5}{\376\377\0006\000.\0004\000.\0002\000.\0005\000\040\000M\000e\000s\000s\000a\000g\000e\000T\000e\000m\000p\000l\000a\000t\000e}{subsection.6.4.2}% 81
\BOOKMARK [3][-]{subsubsection.6.4.2.6}{\376\377\0006\000.\0004\000.\0002\000.\0006\000\040\000P\000r\000o\000p\000e\000r\000t\000i\000e\000s}{subsection.6.4.2}% 82
\BOOKMARK [3][-]{subsubsection.6.4.2.7}{\376\377\0006\000.\0004\000.\0002\000.\0007\000\040\000T\000i\000m\000e\000s\000t\000a\000m\000p}{subsection.6.4.2}% 83
\BOOKMARK [1][-]{section.6.5}{\376\377\0006\000.\0005\000\040\000D\000o\000t\000N\000e\000t\000I\000d\000e\000n\000t\000i\000t\000y\000.\000M\000o\000d\000e\000l\000s\000.\000I\000d\000e\000n\000t\000i\000t\000y\000.\000A\000p\000p\000R\000o\000l\000e\000\040\000C\000l\000a\000s\000s\000\040\000R\000e\000f\000e\000r\000e\000n\000c\000e}{chapter.6}% 84
\BOOKMARK [2][-]{subsection.6.5.1}{\376\377\0006\000.\0005\000.\0001\000\040\000D\000e\000t\000a\000i\000l\000e\000d\000\040\000D\000e\000s\000c\000r\000i\000p\000t\000i\000o\000n}{section.6.5}% 85
\BOOKMARK [2][-]{subsection.6.5.2}{\376\377\0006\000.\0005\000.\0002\000\040\000P\000r\000o\000p\000e\000r\000t\000y\000\040\000D\000o\000c\000u\000m\000e\000n\000t\000a\000t\000i\000o\000n}{section.6.5}% 86
\BOOKMARK [3][-]{subsubsection.6.5.2.1}{\376\377\0006\000.\0005\000.\0002\000.\0001\000\040\000C\000r\000e\000a\000t\000e\000d\000O\000n}{subsection.6.5.2}% 87
\BOOKMARK [1][-]{section.6.6}{\376\377\0006\000.\0006\000\040\000D\000o\000t\000N\000e\000t\000I\000d\000e\000n\000t\000i\000t\000y\000.\000S\000e\000r\000v\000i\000c\000e\000s\000.\000S\000e\000t\000t\000i\000n\000g\000s\000S\000e\000r\000v\000i\000c\000e\000.\000A\000p\000p\000S\000e\000t\000t\000i\000n\000g\000s\000B\000a\000s\000e\000\040\000C\000l\000a\000s\000s\000\040\000R\000e\000f\000e\000r\000e\000n\000c\000e}{chapter.6}% 88
\BOOKMARK [2][-]{subsection.6.6.1}{\376\377\0006\000.\0006\000.\0001\000\040\000D\000e\000t\000a\000i\000l\000e\000d\000\040\000D\000e\000s\000c\000r\000i\000p\000t\000i\000o\000n}{section.6.6}% 89
\BOOKMARK [2][-]{subsection.6.6.2}{\376\377\0006\000.\0006\000.\0002\000\040\000C\000o\000n\000s\000t\000r\000u\000c\000t\000o\000r\000\040\000\046\000\040\000D\000e\000s\000t\000r\000u\000c\000t\000o\000r\000\040\000D\000o\000c\000u\000m\000e\000n\000t\000a\000t\000i\000o\000n}{section.6.6}% 90
\BOOKMARK [3][-]{subsubsection.6.6.2.1}{\376\377\0006\000.\0006\000.\0002\000.\0001\000\040\000A\000p\000p\000S\000e\000t\000t\000i\000n\000g\000s\000B\000a\000s\000e\000\050\000\051}{subsection.6.6.2}% 91
\BOOKMARK [2][-]{subsection.6.6.3}{\376\377\0006\000.\0006\000.\0003\000\040\000M\000e\000m\000b\000e\000r\000\040\000F\000u\000n\000c\000t\000i\000o\000n\000\040\000D\000o\000c\000u\000m\000e\000n\000t\000a\000t\000i\000o\000n}{section.6.6}% 92
\BOOKMARK [3][-]{subsubsection.6.6.3.1}{\376\377\0006\000.\0006\000.\0003\000.\0001\000\040\000L\000o\000a\000d\000\050\000\051}{subsection.6.6.3}% 93
\BOOKMARK [3][-]{subsubsection.6.6.3.2}{\376\377\0006\000.\0006\000.\0003\000.\0002\000\040\000S\000a\000v\000e\000\050\000\051}{subsection.6.6.3}% 94
\BOOKMARK [1][-]{section.6.7}{\376\377\0006\000.\0007\000\040\000D\000o\000t\000N\000e\000t\000I\000d\000e\000n\000t\000i\000t\000y\000.\000M\000o\000d\000e\000l\000s\000.\000I\000d\000e\000n\000t\000i\000t\000y\000.\000A\000p\000p\000U\000s\000e\000r\000\040\000C\000l\000a\000s\000s\000\040\000R\000e\000f\000e\000r\000e\000n\000c\000e}{chapter.6}% 95
\BOOKMARK [2][-]{subsection.6.7.1}{\376\377\0006\000.\0007\000.\0001\000\040\000D\000e\000t\000a\000i\000l\000e\000d\000\040\000D\000e\000s\000c\000r\000i\000p\000t\000i\000o\000n}{section.6.7}% 96
\BOOKMARK [2][-]{subsection.6.7.2}{\376\377\0006\000.\0007\000.\0002\000\040\000P\000r\000o\000p\000e\000r\000t\000y\000\040\000D\000o\000c\000u\000m\000e\000n\000t\000a\000t\000i\000o\000n}{section.6.7}% 97
\BOOKMARK [3][-]{subsubsection.6.7.2.1}{\376\377\0006\000.\0007\000.\0002\000.\0001\000\040\000B\000i\000r\000t\000h\000D\000a\000y}{subsection.6.7.2}% 98
\BOOKMARK [3][-]{subsubsection.6.7.2.2}{\376\377\0006\000.\0007\000.\0002\000.\0002\000\040\000C\000r\000e\000a\000t\000e\000d\000O\000n}{subsection.6.7.2}% 99
\BOOKMARK [3][-]{subsubsection.6.7.2.3}{\376\377\0006\000.\0007\000.\0002\000.\0003\000\040\000D\000e\000p\000a\000r\000t\000m\000e\000n\000t}{subsection.6.7.2}% 100
\BOOKMARK [3][-]{subsubsection.6.7.2.4}{\376\377\0006\000.\0007\000.\0002\000.\0004\000\040\000F\000i\000r\000s\000t\000N\000a\000m\000e}{subsection.6.7.2}% 101
\BOOKMARK [3][-]{subsubsection.6.7.2.5}{\376\377\0006\000.\0007\000.\0002\000.\0005\000\040\000G\000e\000n\000d\000e\000r}{subsection.6.7.2}% 102
\BOOKMARK [3][-]{subsubsection.6.7.2.6}{\376\377\0006\000.\0007\000.\0002\000.\0006\000\040\000I\000s\000E\000n\000a\000b\000l\000e\000d}{subsection.6.7.2}% 103
\BOOKMARK [3][-]{subsubsection.6.7.2.7}{\376\377\0006\000.\0007\000.\0002\000.\0007\000\040\000I\000s\000L\000d\000a\000p\000L\000o\000g\000i\000n}{subsection.6.7.2}% 104
\BOOKMARK [3][-]{subsubsection.6.7.2.8}{\376\377\0006\000.\0007\000.\0002\000.\0008\000\040\000I\000s\000M\000f\000a\000F\000o\000r\000c\000e}{subsection.6.7.2}% 105
\BOOKMARK [3][-]{subsubsection.6.7.2.9}{\376\377\0006\000.\0007\000.\0002\000.\0009\000\040\000L\000a\000s\000t\000N\000a\000m\000e}{subsection.6.7.2}% 106
\BOOKMARK [3][-]{subsubsection.6.7.2.10}{\376\377\0006\000.\0007\000.\0002\000.\0001\0000\000\040\000P\000r\000o\000f\000i\000l\000e\000P\000i\000c\000t\000u\000r\000e}{subsection.6.7.2}% 107
\BOOKMARK [3][-]{subsubsection.6.7.2.11}{\376\377\0006\000.\0007\000.\0002\000.\0001\0001\000\040\000R\000o\000l\000e\000s\000C\000o\000m\000b\000i\000n\000e\000d}{subsection.6.7.2}% 108
\BOOKMARK [3][-]{subsubsection.6.7.2.12}{\376\377\0006\000.\0007\000.\0002\000.\0001\0002\000\040\000T\000w\000o\000F\000a\000c\000t\000o\000r\000T\000y\000p\000e}{subsection.6.7.2}% 109
\BOOKMARK [1][-]{section.6.8}{\376\377\0006\000.\0008\000\040\000D\000o\000t\000N\000e\000t\000I\000d\000e\000n\000t\000i\000t\000y\000.\000M\000o\000d\000e\000l\000s\000.\000V\000i\000e\000w\000M\000o\000d\000e\000l\000s\000.\000A\000s\000s\000i\000g\000n\000R\000o\000l\000e\000V\000i\000e\000w\000M\000o\000d\000e\000l\000\040\000C\000l\000a\000s\000s\000\040\000R\000e\000f\000e\000r\000e\000n\000c\000e}{chapter.6}% 110
\BOOKMARK [2][-]{subsection.6.8.1}{\376\377\0006\000.\0008\000.\0001\000\040\000D\000e\000t\000a\000i\000l\000e\000d\000\040\000D\000e\000s\000c\000r\000i\000p\000t\000i\000o\000n}{section.6.8}% 111
\BOOKMARK [2][-]{subsection.6.8.2}{\376\377\0006\000.\0008\000.\0002\000\040\000P\000r\000o\000p\000e\000r\000t\000y\000\040\000D\000o\000c\000u\000m\000e\000n\000t\000a\000t\000i\000o\000n}{section.6.8}% 112
\BOOKMARK [3][-]{subsubsection.6.8.2.1}{\376\377\0006\000.\0008\000.\0002\000.\0001\000\040\000I\000s\000A\000s\000s\000i\000g\000n\000e\000d}{subsection.6.8.2}% 113
\BOOKMARK [3][-]{subsubsection.6.8.2.2}{\376\377\0006\000.\0008\000.\0002\000.\0002\000\040\000R\000o\000l\000e\000I\000d}{subsection.6.8.2}% 114
\BOOKMARK [3][-]{subsubsection.6.8.2.3}{\376\377\0006\000.\0008\000.\0002\000.\0003\000\040\000R\000o\000l\000e\000N\000a\000m\000e}{subsection.6.8.2}% 115
\BOOKMARK [1][-]{section.6.9}{\376\377\0006\000.\0009\000\040\000D\000o\000t\000N\000e\000t\000I\000d\000e\000n\000t\000i\000t\000y\000.\000M\000o\000d\000e\000l\000s\000.\000V\000i\000e\000w\000M\000o\000d\000e\000l\000s\000.\000C\000h\000a\000n\000g\000e\000P\000a\000s\000s\000w\000o\000r\000d\000V\000i\000e\000w\000M\000o\000d\000e\000l\000\040\000C\000l\000a\000s\000s\000\040\000R\000e\000f\000e\000r\000e\000n\000c\000e}{chapter.6}% 116
\BOOKMARK [2][-]{subsection.6.9.1}{\376\377\0006\000.\0009\000.\0001\000\040\000D\000e\000t\000a\000i\000l\000e\000d\000\040\000D\000e\000s\000c\000r\000i\000p\000t\000i\000o\000n}{section.6.9}% 117
\BOOKMARK [2][-]{subsection.6.9.2}{\376\377\0006\000.\0009\000.\0002\000\040\000P\000r\000o\000p\000e\000r\000t\000y\000\040\000D\000o\000c\000u\000m\000e\000n\000t\000a\000t\000i\000o\000n}{section.6.9}% 118
\BOOKMARK [3][-]{subsubsection.6.9.2.1}{\376\377\0006\000.\0009\000.\0002\000.\0001\000\040\000N\000e\000w\000P\000a\000s\000s\000w\000o\000r\000d}{subsection.6.9.2}% 119
\BOOKMARK [3][-]{subsubsection.6.9.2.2}{\376\377\0006\000.\0009\000.\0002\000.\0002\000\040\000N\000e\000w\000P\000a\000s\000s\000w\000o\000r\000d\000C\000o\000n\000f\000i\000r\000m}{subsection.6.9.2}% 120
\BOOKMARK [3][-]{subsubsection.6.9.2.3}{\376\377\0006\000.\0009\000.\0002\000.\0003\000\040\000P\000a\000s\000s\000w\000o\000r\000d}{subsection.6.9.2}% 121
\BOOKMARK [1][-]{section.6.10}{\376\377\0006\000.\0001\0000\000\040\000D\000o\000t\000N\000e\000t\000I\000d\000e\000n\000t\000i\000t\000y\000.\000C\000o\000n\000t\000r\000o\000l\000l\000e\000r\000s\000.\000C\000l\000a\000i\000m\000B\000a\000s\000e\000d\000C\000o\000n\000t\000r\000o\000l\000l\000e\000r\000\040\000C\000l\000a\000s\000s\000\040\000R\000e\000f\000e\000r\000e\000n\000c\000e}{chapter.6}% 122
\BOOKMARK [2][-]{subsection.6.10.1}{\376\377\0006\000.\0001\0000\000.\0001\000\040\000D\000e\000t\000a\000i\000l\000e\000d\000\040\000D\000e\000s\000c\000r\000i\000p\000t\000i\000o\000n}{section.6.10}% 123
\BOOKMARK [2][-]{subsection.6.10.2}{\376\377\0006\000.\0001\0000\000.\0002\000\040\000M\000e\000m\000b\000e\000r\000\040\000F\000u\000n\000c\000t\000i\000o\000n\000\040\000D\000o\000c\000u\000m\000e\000n\000t\000a\000t\000i\000o\000n}{section.6.10}% 124
\BOOKMARK [3][-]{subsubsection.6.10.2.1}{\376\377\0006\000.\0001\0000\000.\0002\000.\0001\000\040\000E\000m\000p\000l\000o\000y\000e\000e\000\050\000\051}{subsection.6.10.2}% 125
\BOOKMARK [3][-]{subsubsection.6.10.2.2}{\376\377\0006\000.\0001\0000\000.\0002\000.\0002\000\040\000F\000r\000e\000e\000T\000r\000i\000a\000l\000\050\000\051}{subsection.6.10.2}% 126
\BOOKMARK [3][-]{subsubsection.6.10.2.3}{\376\377\0006\000.\0001\0000\000.\0002\000.\0003\000\040\000H\000R\000\050\000\051}{subsection.6.10.2}% 127
\BOOKMARK [3][-]{subsubsection.6.10.2.4}{\376\377\0006\000.\0001\0000\000.\0002\000.\0004\000\040\000S\000o\000f\000t\000w\000a\000r\000e\000\050\000\051}{subsection.6.10.2}% 128
\BOOKMARK [3][-]{subsubsection.6.10.2.5}{\376\377\0006\000.\0001\0000\000.\0002\000.\0005\000\040\000V\000i\000o\000l\000e\000n\000c\000e\000\050\000\051}{subsection.6.10.2}% 129
\BOOKMARK [1][-]{section.6.11}{\376\377\0006\000.\0001\0001\000\040\000D\000o\000t\000N\000e\000t\000I\000d\000e\000n\000t\000i\000t\000y\000.\000I\000d\000e\000n\000t\000i\000t\000y\000S\000e\000t\000t\000i\000n\000g\000s\000.\000C\000l\000a\000i\000m\000s\000T\000r\000a\000n\000s\000f\000o\000r\000m\000a\000t\000i\000o\000n\000\040\000C\000l\000a\000s\000s\000\040\000R\000e\000f\000e\000r\000e\000n\000c\000e}{chapter.6}% 130
\BOOKMARK [2][-]{subsection.6.11.1}{\376\377\0006\000.\0001\0001\000.\0001\000\040\000D\000e\000t\000a\000i\000l\000e\000d\000\040\000D\000e\000s\000c\000r\000i\000p\000t\000i\000o\000n}{section.6.11}% 131
\BOOKMARK [2][-]{subsection.6.11.2}{\376\377\0006\000.\0001\0001\000.\0002\000\040\000C\000o\000n\000s\000t\000r\000u\000c\000t\000o\000r\000\040\000\046\000\040\000D\000e\000s\000t\000r\000u\000c\000t\000o\000r\000\040\000D\000o\000c\000u\000m\000e\000n\000t\000a\000t\000i\000o\000n}{section.6.11}% 132
\BOOKMARK [3][-]{subsubsection.6.11.2.1}{\376\377\0006\000.\0001\0001\000.\0002\000.\0001\000\040\000C\000l\000a\000i\000m\000s\000T\000r\000a\000n\000s\000f\000o\000r\000m\000a\000t\000i\000o\000n\000\050\000\051}{subsection.6.11.2}% 133
\BOOKMARK [2][-]{subsection.6.11.3}{\376\377\0006\000.\0001\0001\000.\0003\000\040\000M\000e\000m\000b\000e\000r\000\040\000F\000u\000n\000c\000t\000i\000o\000n\000\040\000D\000o\000c\000u\000m\000e\000n\000t\000a\000t\000i\000o\000n}{section.6.11}% 134
\BOOKMARK [3][-]{subsubsection.6.11.3.1}{\376\377\0006\000.\0001\0001\000.\0003\000.\0001\000\040\000T\000r\000a\000n\000s\000f\000o\000r\000m\000A\000s\000y\000n\000c\000\050\000\051}{subsection.6.11.3}% 135
\BOOKMARK [1][-]{section.6.12}{\376\377\0006\000.\0001\0002\000\040\000D\000o\000t\000N\000e\000t\000I\000d\000e\000n\000t\000i\000t\000y\000.\000C\000o\000n\000t\000r\000o\000l\000l\000e\000r\000s\000.\000C\000u\000l\000t\000u\000r\000e\000C\000o\000n\000t\000r\000o\000l\000l\000e\000r\000\040\000C\000l\000a\000s\000s\000\040\000R\000e\000f\000e\000r\000e\000n\000c\000e}{chapter.6}% 136
\BOOKMARK [2][-]{subsection.6.12.1}{\376\377\0006\000.\0001\0002\000.\0001\000\040\000D\000e\000t\000a\000i\000l\000e\000d\000\040\000D\000e\000s\000c\000r\000i\000p\000t\000i\000o\000n}{section.6.12}% 137
\BOOKMARK [2][-]{subsection.6.12.2}{\376\377\0006\000.\0001\0002\000.\0002\000\040\000M\000e\000m\000b\000e\000r\000\040\000F\000u\000n\000c\000t\000i\000o\000n\000\040\000D\000o\000c\000u\000m\000e\000n\000t\000a\000t\000i\000o\000n}{section.6.12}% 138
\BOOKMARK [3][-]{subsubsection.6.12.2.1}{\376\377\0006\000.\0001\0002\000.\0002\000.\0001\000\040\000S\000e\000t\000C\000u\000l\000t\000u\000r\000e\000\050\000\051}{subsection.6.12.2}% 139
\BOOKMARK [1][-]{section.6.13}{\376\377\0006\000.\0001\0003\000\040\000D\000o\000t\000N\000e\000t\000I\000d\000e\000n\000t\000i\000t\000y\000.\000M\000o\000d\000e\000l\000s\000.\000V\000i\000e\000w\000M\000o\000d\000e\000l\000s\000.\000E\000d\000i\000t\000U\000s\000e\000r\000V\000i\000e\000w\000M\000o\000d\000e\000l\000\040\000C\000l\000a\000s\000s\000\040\000R\000e\000f\000e\000r\000e\000n\000c\000e}{chapter.6}% 140
\BOOKMARK [2][-]{subsection.6.13.1}{\376\377\0006\000.\0001\0003\000.\0001\000\040\000D\000e\000t\000a\000i\000l\000e\000d\000\040\000D\000e\000s\000c\000r\000i\000p\000t\000i\000o\000n}{section.6.13}% 141
\BOOKMARK [2][-]{subsection.6.13.2}{\376\377\0006\000.\0001\0003\000.\0002\000\040\000P\000r\000o\000p\000e\000r\000t\000y\000\040\000D\000o\000c\000u\000m\000e\000n\000t\000a\000t\000i\000o\000n}{section.6.13}% 142
\BOOKMARK [3][-]{subsubsection.6.13.2.1}{\376\377\0006\000.\0001\0003\000.\0002\000.\0001\000\040\000D\000e\000p\000a\000r\000t\000m\000e\000n\000t}{subsection.6.13.2}% 143
\BOOKMARK [3][-]{subsubsection.6.13.2.2}{\376\377\0006\000.\0001\0003\000.\0002\000.\0002\000\040\000E\000m\000a\000i\000l}{subsection.6.13.2}% 144
\BOOKMARK [3][-]{subsubsection.6.13.2.3}{\376\377\0006\000.\0001\0003\000.\0002\000.\0003\000\040\000F\000i\000r\000s\000t\000N\000a\000m\000e}{subsection.6.13.2}% 145
\BOOKMARK [3][-]{subsubsection.6.13.2.4}{\376\377\0006\000.\0001\0003\000.\0002\000.\0004\000\040\000G\000e\000n\000d\000e\000r}{subsection.6.13.2}% 146
\BOOKMARK [3][-]{subsubsection.6.13.2.5}{\376\377\0006\000.\0001\0003\000.\0002\000.\0005\000\040\000I\000d}{subsection.6.13.2}% 147
\BOOKMARK [3][-]{subsubsection.6.13.2.6}{\376\377\0006\000.\0001\0003\000.\0002\000.\0006\000\040\000L\000a\000s\000t\000N\000a\000m\000e}{subsection.6.13.2}% 148
\BOOKMARK [3][-]{subsubsection.6.13.2.7}{\376\377\0006\000.\0001\0003\000.\0002\000.\0007\000\040\000P\000h\000o\000n\000e\000N\000u\000m\000b\000e\000r}{subsection.6.13.2}% 149
\BOOKMARK [3][-]{subsubsection.6.13.2.8}{\376\377\0006\000.\0001\0003\000.\0002\000.\0008\000\040\000R\000o\000l\000e\000s}{subsection.6.13.2}% 150
\BOOKMARK [3][-]{subsubsection.6.13.2.9}{\376\377\0006\000.\0001\0003\000.\0002\000.\0009\000\040\000U\000s\000e\000r\000N\000a\000m\000e}{subsection.6.13.2}% 151
\BOOKMARK [1][-]{section.6.14}{\376\377\0006\000.\0001\0004\000\040\000D\000o\000t\000N\000e\000t\000I\000d\000e\000n\000t\000i\000t\000y\000.\000H\000e\000l\000p\000e\000r\000s\000.\000E\000m\000a\000i\000l\000H\000e\000l\000p\000e\000r\000\040\000C\000l\000a\000s\000s\000\040\000R\000e\000f\000e\000r\000e\000n\000c\000e}{chapter.6}% 152
\BOOKMARK [2][-]{subsection.6.14.1}{\376\377\0006\000.\0001\0004\000.\0001\000\040\000D\000e\000t\000a\000i\000l\000e\000d\000\040\000D\000e\000s\000c\000r\000i\000p\000t\000i\000o\000n}{section.6.14}% 153
\BOOKMARK [2][-]{subsection.6.14.2}{\376\377\0006\000.\0001\0004\000.\0002\000\040\000C\000o\000n\000s\000t\000r\000u\000c\000t\000o\000r\000\040\000\046\000\040\000D\000e\000s\000t\000r\000u\000c\000t\000o\000r\000\040\000D\000o\000c\000u\000m\000e\000n\000t\000a\000t\000i\000o\000n}{section.6.14}% 154
\BOOKMARK [3][-]{subsubsection.6.14.2.1}{\376\377\0006\000.\0001\0004\000.\0002\000.\0001\000\040\000E\000m\000a\000i\000l\000H\000e\000l\000p\000e\000r\000\050\000\051}{subsection.6.14.2}% 155
\BOOKMARK [2][-]{subsection.6.14.3}{\376\377\0006\000.\0001\0004\000.\0003\000\040\000M\000e\000m\000b\000e\000r\000\040\000F\000u\000n\000c\000t\000i\000o\000n\000\040\000D\000o\000c\000u\000m\000e\000n\000t\000a\000t\000i\000o\000n}{section.6.14}% 156
\BOOKMARK [3][-]{subsubsection.6.14.3.1}{\376\377\0006\000.\0001\0004\000.\0003\000.\0001\000\040\000S\000e\000n\000d\000A\000s\000y\000n\000c\000\050\000\051}{subsection.6.14.3}% 157
\BOOKMARK [1][-]{section.6.15}{\376\377\0006\000.\0001\0005\000\040\000D\000o\000t\000N\000e\000t\000I\000d\000e\000n\000t\000i\000t\000y\000.\000M\000o\000d\000e\000l\000s\000.\000B\000u\000s\000i\000n\000e\000s\000s\000M\000o\000d\000e\000l\000s\000.\000E\000m\000a\000i\000l\000M\000o\000d\000e\000l\000\040\000C\000l\000a\000s\000s\000\040\000R\000e\000f\000e\000r\000e\000n\000c\000e}{chapter.6}% 158
\BOOKMARK [2][-]{subsection.6.15.1}{\376\377\0006\000.\0001\0005\000.\0001\000\040\000D\000e\000t\000a\000i\000l\000e\000d\000\040\000D\000e\000s\000c\000r\000i\000p\000t\000i\000o\000n}{section.6.15}% 159
\BOOKMARK [2][-]{subsection.6.15.2}{\376\377\0006\000.\0001\0005\000.\0002\000\040\000P\000r\000o\000p\000e\000r\000t\000y\000\040\000D\000o\000c\000u\000m\000e\000n\000t\000a\000t\000i\000o\000n}{section.6.15}% 160
\BOOKMARK [3][-]{subsubsection.6.15.2.1}{\376\377\0006\000.\0001\0005\000.\0002\000.\0001\000\040\000B\000o\000d\000y}{subsection.6.15.2}% 161
\BOOKMARK [3][-]{subsubsection.6.15.2.2}{\376\377\0006\000.\0001\0005\000.\0002\000.\0002\000\040\000S\000u\000b\000j\000e\000c\000t}{subsection.6.15.2}% 162
\BOOKMARK [3][-]{subsubsection.6.15.2.3}{\376\377\0006\000.\0001\0005\000.\0002\000.\0003\000\040\000T\000o}{subsection.6.15.2}% 163
\BOOKMARK [1][-]{section.6.16}{\376\377\0006\000.\0001\0006\000\040\000D\000o\000t\000N\000e\000t\000I\000d\000e\000n\000t\000i\000t\000y\000.\000I\000d\000e\000n\000t\000i\000t\000y\000S\000e\000t\000t\000i\000n\000g\000s\000.\000E\000r\000r\000o\000r\000D\000e\000s\000c\000r\000i\000b\000e\000r\000\040\000C\000l\000a\000s\000s\000\040\000R\000e\000f\000e\000r\000e\000n\000c\000e}{chapter.6}% 164
\BOOKMARK [2][-]{subsection.6.16.1}{\376\377\0006\000.\0001\0006\000.\0001\000\040\000D\000e\000t\000a\000i\000l\000e\000d\000\040\000D\000e\000s\000c\000r\000i\000p\000t\000i\000o\000n}{section.6.16}% 165
\BOOKMARK [2][-]{subsection.6.16.2}{\376\377\0006\000.\0001\0006\000.\0002\000\040\000M\000e\000m\000b\000e\000r\000\040\000F\000u\000n\000c\000t\000i\000o\000n\000\040\000D\000o\000c\000u\000m\000e\000n\000t\000a\000t\000i\000o\000n}{section.6.16}% 166
\BOOKMARK [3][-]{subsubsection.6.16.2.1}{\376\377\0006\000.\0001\0006\000.\0002\000.\0001\000\040\000P\000a\000s\000s\000w\000o\000r\000d\000C\000o\000n\000t\000a\000i\000n\000s\000U\000s\000e\000r\000n\000a\000m\000e\000\050\000\051}{subsection.6.16.2}% 167
\BOOKMARK [3][-]{subsubsection.6.16.2.2}{\376\377\0006\000.\0001\0006\000.\0002\000.\0002\000\040\000U\000s\000e\000r\000N\000a\000m\000e\000C\000o\000n\000t\000a\000i\000n\000s\000E\000m\000a\000i\000l\000\050\000\051}{subsection.6.16.2}% 168
\BOOKMARK [3][-]{subsubsection.6.16.2.3}{\376\377\0006\000.\0001\0006\000.\0002\000.\0003\000\040\000U\000s\000e\000r\000N\000a\000m\000e\000L\000e\000n\000g\000t\000h\000\050\000\051}{subsection.6.16.2}% 169
\BOOKMARK [1][-]{section.6.17}{\376\377\0006\000.\0001\0007\000\040\000D\000o\000t\000N\000e\000t\000I\000d\000e\000n\000t\000i\000t\000y\000.\000C\000o\000n\000t\000r\000o\000l\000l\000e\000r\000s\000.\000E\000r\000r\000o\000r\000s\000C\000o\000n\000t\000r\000o\000l\000l\000e\000r\000\040\000C\000l\000a\000s\000s\000\040\000R\000e\000f\000e\000r\000e\000n\000c\000e}{chapter.6}% 170
\BOOKMARK [2][-]{subsection.6.17.1}{\376\377\0006\000.\0001\0007\000.\0001\000\040\000D\000e\000t\000a\000i\000l\000e\000d\000\040\000D\000e\000s\000c\000r\000i\000p\000t\000i\000o\000n}{section.6.17}% 171
\BOOKMARK [2][-]{subsection.6.17.2}{\376\377\0006\000.\0001\0007\000.\0002\000\040\000M\000e\000m\000b\000e\000r\000\040\000F\000u\000n\000c\000t\000i\000o\000n\000\040\000D\000o\000c\000u\000m\000e\000n\000t\000a\000t\000i\000o\000n}{section.6.17}% 172
\BOOKMARK [3][-]{subsubsection.6.17.2.1}{\376\377\0006\000.\0001\0007\000.\0002\000.\0001\000\040\000E\000r\000r\000o\000r\000C\000d\000\050\000\051}{subsection.6.17.2}% 173
\BOOKMARK [3][-]{subsubsection.6.17.2.2}{\376\377\0006\000.\0001\0007\000.\0002\000.\0002\000\040\000E\000r\000r\000o\000r\000E\000x\000\050\000\051}{subsection.6.17.2}% 174
\BOOKMARK [1][-]{section.6.18}{\376\377\0006\000.\0001\0008\000\040\000D\000o\000t\000N\000e\000t\000I\000d\000e\000n\000t\000i\000t\000y\000.\000M\000o\000d\000e\000l\000s\000.\000V\000i\000e\000w\000M\000o\000d\000e\000l\000s\000.\000E\000r\000r\000o\000r\000V\000i\000e\000w\000M\000o\000d\000e\000l\000\040\000C\000l\000a\000s\000s\000\040\000R\000e\000f\000e\000r\000e\000n\000c\000e}{chapter.6}% 175
\BOOKMARK [2][-]{subsection.6.18.1}{\376\377\0006\000.\0001\0008\000.\0001\000\040\000D\000e\000t\000a\000i\000l\000e\000d\000\040\000D\000e\000s\000c\000r\000i\000p\000t\000i\000o\000n}{section.6.18}% 176
\BOOKMARK [2][-]{subsection.6.18.2}{\376\377\0006\000.\0001\0008\000.\0002\000\040\000P\000r\000o\000p\000e\000r\000t\000y\000\040\000D\000o\000c\000u\000m\000e\000n\000t\000a\000t\000i\000o\000n}{section.6.18}% 177
\BOOKMARK [3][-]{subsubsection.6.18.2.1}{\376\377\0006\000.\0001\0008\000.\0002\000.\0001\000\040\000R\000e\000q\000u\000e\000s\000t\000I\000d}{subsection.6.18.2}% 178
\BOOKMARK [3][-]{subsubsection.6.18.2.2}{\376\377\0006\000.\0001\0008\000.\0002\000.\0002\000\040\000S\000h\000o\000w\000R\000e\000q\000u\000e\000s\000t\000I\000d}{subsection.6.18.2}% 179
\BOOKMARK [1][-]{section.6.19}{\376\377\0006\000.\0001\0009\000\040\000D\000o\000t\000N\000e\000t\000I\000d\000e\000n\000t\000i\000t\000y\000.\000M\000o\000d\000e\000l\000s\000.\000V\000i\000e\000w\000M\000o\000d\000e\000l\000s\000.\000F\000o\000r\000g\000o\000t\000P\000a\000s\000s\000w\000o\000r\000d\000V\000i\000e\000w\000M\000o\000d\000e\000l\000\040\000C\000l\000a\000s\000s\000\040\000R\000e\000f\000e\000r\000e\000n\000c\000e}{chapter.6}% 180
\BOOKMARK [2][-]{subsection.6.19.1}{\376\377\0006\000.\0001\0009\000.\0001\000\040\000D\000e\000t\000a\000i\000l\000e\000d\000\040\000D\000e\000s\000c\000r\000i\000p\000t\000i\000o\000n}{section.6.19}% 181
\BOOKMARK [2][-]{subsection.6.19.2}{\376\377\0006\000.\0001\0009\000.\0002\000\040\000P\000r\000o\000p\000e\000r\000t\000y\000\040\000D\000o\000c\000u\000m\000e\000n\000t\000a\000t\000i\000o\000n}{section.6.19}% 182
\BOOKMARK [3][-]{subsubsection.6.19.2.1}{\376\377\0006\000.\0001\0009\000.\0002\000.\0001\000\040\000E\000m\000a\000i\000l}{subsection.6.19.2}% 183
\BOOKMARK [1][-]{section.6.20}{\376\377\0006\000.\0002\0000\000\040\000D\000o\000t\000N\000e\000t\000I\000d\000e\000n\000t\000i\000t\000y\000.\000I\000d\000e\000n\000t\000i\000t\000y\000S\000e\000t\000t\000i\000n\000g\000s\000.\000R\000e\000q\000u\000i\000r\000e\000m\000e\000n\000t\000s\000.\000F\000r\000e\000e\000T\000r\000i\000a\000l\000E\000x\000p\000i\000r\000e\000H\000a\000n\000d\000l\000e\000r\000\040\000C\000l\000a\000s\000s\000\040\000R\000e\000f\000e\000r\000e\000n\000c\000e}{chapter.6}% 184
\BOOKMARK [2][-]{subsection.6.20.1}{\376\377\0006\000.\0002\0000\000.\0001\000\040\000D\000e\000t\000a\000i\000l\000e\000d\000\040\000D\000e\000s\000c\000r\000i\000p\000t\000i\000o\000n}{section.6.20}% 185
\BOOKMARK [2][-]{subsection.6.20.2}{\376\377\0006\000.\0002\0000\000.\0002\000\040\000M\000e\000m\000b\000e\000r\000\040\000F\000u\000n\000c\000t\000i\000o\000n\000\040\000D\000o\000c\000u\000m\000e\000n\000t\000a\000t\000i\000o\000n}{section.6.20}% 186
\BOOKMARK [3][-]{subsubsection.6.20.2.1}{\376\377\0006\000.\0002\0000\000.\0002\000.\0001\000\040\000H\000a\000n\000d\000l\000e\000R\000e\000q\000u\000i\000r\000e\000m\000e\000n\000t\000A\000s\000y\000n\000c\000\050\000\051}{subsection.6.20.2}% 187
\BOOKMARK [1][-]{section.6.21}{\376\377\0006\000.\0002\0001\000\040\000D\000o\000t\000N\000e\000t\000I\000d\000e\000n\000t\000i\000t\000y\000.\000I\000d\000e\000n\000t\000i\000t\000y\000S\000e\000t\000t\000i\000n\000g\000s\000.\000R\000e\000q\000u\000i\000r\000e\000m\000e\000n\000t\000s\000.\000F\000r\000e\000e\000T\000r\000i\000a\000l\000E\000x\000p\000i\000r\000e\000R\000e\000q\000u\000i\000r\000e\000m\000e\000n\000t\000\040\000C\000l\000a\000s\000s\000\040\000R\000e\000f\000e\000r\000e\000n\000c\000e}{chapter.6}% 188
\BOOKMARK [2][-]{subsection.6.21.1}{\376\377\0006\000.\0002\0001\000.\0001\000\040\000D\000e\000t\000a\000i\000l\000e\000d\000\040\000D\000e\000s\000c\000r\000i\000p\000t\000i\000o\000n}{section.6.21}% 189
\BOOKMARK [1][-]{section.6.22}{\376\377\0006\000.\0002\0002\000\040\000D\000o\000t\000N\000e\000t\000I\000d\000e\000n\000t\000i\000t\000y\000.\000M\000o\000d\000e\000l\000s\000.\000B\000u\000s\000i\000n\000e\000s\000s\000M\000o\000d\000e\000l\000s\000.\000G\000l\000o\000b\000a\000l\000S\000e\000t\000t\000i\000n\000g\000s\000\040\000C\000l\000a\000s\000s\000\040\000R\000e\000f\000e\000r\000e\000n\000c\000e}{chapter.6}% 190
\BOOKMARK [2][-]{subsection.6.22.1}{\376\377\0006\000.\0002\0002\000.\0001\000\040\000D\000e\000t\000a\000i\000l\000e\000d\000\040\000D\000e\000s\000c\000r\000i\000p\000t\000i\000o\000n}{section.6.22}% 191
\BOOKMARK [2][-]{subsection.6.22.2}{\376\377\0006\000.\0002\0002\000.\0002\000\040\000P\000r\000o\000p\000e\000r\000t\000y\000\040\000D\000o\000c\000u\000m\000e\000n\000t\000a\000t\000i\000o\000n}{section.6.22}% 192
\BOOKMARK [3][-]{subsubsection.6.22.2.1}{\376\377\0006\000.\0002\0002\000.\0002\000.\0001\000\040\000A\000p\000p\000l\000i\000c\000a\000t\000i\000o\000n\000N\000a\000m\000e}{subsection.6.22.2}% 193
\BOOKMARK [3][-]{subsubsection.6.22.2.2}{\376\377\0006\000.\0002\0002\000.\0002\000.\0002\000\040\000S\000e\000s\000s\000i\000o\000n\000C\000o\000o\000k\000i\000e\000E\000x\000p\000i\000r\000a\000t\000i\000o\000n}{subsection.6.22.2}% 194
\BOOKMARK [3][-]{subsubsection.6.22.2.3}{\376\377\0006\000.\0002\0002\000.\0002\000.\0003\000\040\000S\000e\000s\000s\000i\000o\000n\000T\000i\000m\000e\000o\000u\000t\000R\000e\000d\000i\000r\000A\000f\000t\000e\000r}{subsection.6.22.2}% 195
\BOOKMARK [3][-]{subsubsection.6.22.2.4}{\376\377\0006\000.\0002\0002\000.\0002\000.\0004\000\040\000S\000e\000s\000s\000i\000o\000n\000T\000i\000m\000e\000o\000u\000t\000W\000a\000r\000n\000A\000f\000t\000e\000r}{subsection.6.22.2}% 196
\BOOKMARK [1][-]{section.6.23}{\376\377\0006\000.\0002\0003\000\040\000D\000o\000t\000N\000e\000t\000I\000d\000e\000n\000t\000i\000t\000y\000.\000C\000o\000n\000t\000r\000o\000l\000l\000e\000r\000s\000.\000H\000o\000m\000e\000C\000o\000n\000t\000r\000o\000l\000l\000e\000r\000\040\000C\000l\000a\000s\000s\000\040\000R\000e\000f\000e\000r\000e\000n\000c\000e}{chapter.6}% 197
\BOOKMARK [2][-]{subsection.6.23.1}{\376\377\0006\000.\0002\0003\000.\0001\000\040\000D\000e\000t\000a\000i\000l\000e\000d\000\040\000D\000e\000s\000c\000r\000i\000p\000t\000i\000o\000n}{section.6.23}% 198
\BOOKMARK [2][-]{subsection.6.23.2}{\376\377\0006\000.\0002\0003\000.\0002\000\040\000C\000o\000n\000s\000t\000r\000u\000c\000t\000o\000r\000\040\000\046\000\040\000D\000e\000s\000t\000r\000u\000c\000t\000o\000r\000\040\000D\000o\000c\000u\000m\000e\000n\000t\000a\000t\000i\000o\000n}{section.6.23}% 199
\BOOKMARK [3][-]{subsubsection.6.23.2.1}{\376\377\0006\000.\0002\0003\000.\0002\000.\0001\000\040\000H\000o\000m\000e\000C\000o\000n\000t\000r\000o\000l\000l\000e\000r\000\050\000\051}{subsection.6.23.2}% 200
\BOOKMARK [2][-]{subsection.6.23.3}{\376\377\0006\000.\0002\0003\000.\0003\000\040\000M\000e\000m\000b\000e\000r\000\040\000F\000u\000n\000c\000t\000i\000o\000n\000\040\000D\000o\000c\000u\000m\000e\000n\000t\000a\000t\000i\000o\000n}{section.6.23}% 201
\BOOKMARK [3][-]{subsubsection.6.23.3.1}{\376\377\0006\000.\0002\0003\000.\0003\000.\0001\000\040\000A\000c\000c\000e\000s\000s\000D\000e\000n\000i\000e\000d\000\050\000\051}{subsection.6.23.3}% 202
\BOOKMARK [3][-]{subsubsection.6.23.3.2}{\376\377\0006\000.\0002\0003\000.\0003\000.\0002\000\040\000I\000n\000d\000e\000x\000\050\000\051}{subsection.6.23.3}% 203
\BOOKMARK [1][-]{section.6.24}{\376\377\0006\000.\0002\0004\000\040\000D\000o\000t\000N\000e\000t\000I\000d\000e\000n\000t\000i\000t\000y\000.\000S\000e\000r\000v\000i\000c\000e\000s\000.\000S\000e\000t\000t\000i\000n\000g\000s\000S\000e\000r\000v\000i\000c\000e\000.\000I\000S\000e\000t\000t\000i\000n\000g\000s\000S\000e\000r\000v\000i\000c\000e\000\040\000I\000n\000t\000e\000r\000f\000a\000c\000e\000\040\000R\000e\000f\000e\000r\000e\000n\000c\000e}{chapter.6}% 204
\BOOKMARK [2][-]{subsection.6.24.1}{\376\377\0006\000.\0002\0004\000.\0001\000\040\000D\000e\000t\000a\000i\000l\000e\000d\000\040\000D\000e\000s\000c\000r\000i\000p\000t\000i\000o\000n}{section.6.24}% 205
\BOOKMARK [2][-]{subsection.6.24.2}{\376\377\0006\000.\0002\0004\000.\0002\000\040\000M\000e\000m\000b\000e\000r\000\040\000F\000u\000n\000c\000t\000i\000o\000n\000\040\000D\000o\000c\000u\000m\000e\000n\000t\000a\000t\000i\000o\000n}{section.6.24}% 206
\BOOKMARK [3][-]{subsubsection.6.24.2.1}{\376\377\0006\000.\0002\0004\000.\0002\000.\0001\000\040\000S\000a\000v\000e\000\050\000\051}{subsection.6.24.2}% 207
\BOOKMARK [2][-]{subsection.6.24.3}{\376\377\0006\000.\0002\0004\000.\0003\000\040\000P\000r\000o\000p\000e\000r\000t\000y\000\040\000D\000o\000c\000u\000m\000e\000n\000t\000a\000t\000i\000o\000n}{section.6.24}% 208
\BOOKMARK [3][-]{subsubsection.6.24.3.1}{\376\377\0006\000.\0002\0004\000.\0003\000.\0001\000\040\000G\000l\000o\000b\000a\000l}{subsection.6.24.3}% 209
\BOOKMARK [3][-]{subsubsection.6.24.3.2}{\376\377\0006\000.\0002\0004\000.\0003\000.\0002\000\040\000L\000d\000a\000p}{subsection.6.24.3}% 210
\BOOKMARK [3][-]{subsubsection.6.24.3.3}{\376\377\0006\000.\0002\0004\000.\0003\000.\0003\000\040\000M\000a\000i\000l}{subsection.6.24.3}% 211
\BOOKMARK [1][-]{section.6.25}{\376\377\0006\000.\0002\0005\000\040\000D\000o\000t\000N\000e\000t\000I\000d\000e\000n\000t\000i\000t\000y\000.\000M\000o\000d\000e\000l\000s\000.\000B\000u\000s\000i\000n\000e\000s\000s\000M\000o\000d\000e\000l\000s\000.\000L\000d\000a\000p\000S\000e\000t\000t\000i\000n\000g\000s\000\040\000C\000l\000a\000s\000s\000\040\000R\000e\000f\000e\000r\000e\000n\000c\000e}{chapter.6}% 212
\BOOKMARK [2][-]{subsection.6.25.1}{\376\377\0006\000.\0002\0005\000.\0001\000\040\000D\000e\000t\000a\000i\000l\000e\000d\000\040\000D\000e\000s\000c\000r\000i\000p\000t\000i\000o\000n}{section.6.25}% 213
\BOOKMARK [2][-]{subsection.6.25.2}{\376\377\0006\000.\0002\0005\000.\0002\000\040\000P\000r\000o\000p\000e\000r\000t\000y\000\040\000D\000o\000c\000u\000m\000e\000n\000t\000a\000t\000i\000o\000n}{section.6.25}% 214
\BOOKMARK [3][-]{subsubsection.6.25.2.1}{\376\377\0006\000.\0002\0005\000.\0002\000.\0001\000\040\000L\000d\000a\000p\000B\000a\000s\000e\000D\000n}{subsection.6.25.2}% 215
\BOOKMARK [3][-]{subsubsection.6.25.2.2}{\376\377\0006\000.\0002\0005\000.\0002\000.\0002\000\040\000L\000d\000a\000p\000D\000o\000m\000a\000i\000n\000C\000o\000n\000t\000r\000o\000l\000l\000e\000r}{subsection.6.25.2}% 216
\BOOKMARK [3][-]{subsubsection.6.25.2.3}{\376\377\0006\000.\0002\0005\000.\0002\000.\0003\000\040\000L\000d\000a\000p\000D\000o\000m\000a\000i\000n\000N\000a\000m\000e}{subsection.6.25.2}% 217
\BOOKMARK [3][-]{subsubsection.6.25.2.4}{\376\377\0006\000.\0002\0005\000.\0002\000.\0004\000\040\000L\000d\000a\000p\000E\000n\000a\000b\000l\000e\000d}{subsection.6.25.2}% 218
\BOOKMARK [3][-]{subsubsection.6.25.2.5}{\376\377\0006\000.\0002\0005\000.\0002\000.\0005\000\040\000L\000d\000a\000p\000G\000r\000o\000u\000p}{subsection.6.25.2}% 219
\BOOKMARK [1][-]{section.6.26}{\376\377\0006\000.\0002\0006\000\040\000D\000o\000t\000N\000e\000t\000I\000d\000e\000n\000t\000i\000t\000y\000.\000M\000o\000d\000e\000l\000s\000.\000B\000u\000s\000i\000n\000e\000s\000s\000M\000o\000d\000e\000l\000s\000.\000M\000a\000i\000l\000S\000e\000t\000t\000i\000n\000g\000s\000\040\000C\000l\000a\000s\000s\000\040\000R\000e\000f\000e\000r\000e\000n\000c\000e}{chapter.6}% 220
\BOOKMARK [2][-]{subsection.6.26.1}{\376\377\0006\000.\0002\0006\000.\0001\000\040\000D\000e\000t\000a\000i\000l\000e\000d\000\040\000D\000e\000s\000c\000r\000i\000p\000t\000i\000o\000n}{section.6.26}% 221
\BOOKMARK [2][-]{subsection.6.26.2}{\376\377\0006\000.\0002\0006\000.\0002\000\040\000P\000r\000o\000p\000e\000r\000t\000y\000\040\000D\000o\000c\000u\000m\000e\000n\000t\000a\000t\000i\000o\000n}{section.6.26}% 222
\BOOKMARK [3][-]{subsubsection.6.26.2.1}{\376\377\0006\000.\0002\0006\000.\0002\000.\0001\000\040\000P\000a\000s\000s\000w\000o\000r\000d}{subsection.6.26.2}% 223
\BOOKMARK [3][-]{subsubsection.6.26.2.2}{\376\377\0006\000.\0002\0006\000.\0002\000.\0002\000\040\000S\000m\000t\000p\000F\000r\000o\000m\000A\000d\000d\000r\000e\000s\000s}{subsection.6.26.2}% 224
\BOOKMARK [3][-]{subsubsection.6.26.2.3}{\376\377\0006\000.\0002\0006\000.\0002\000.\0003\000\040\000S\000m\000t\000p\000P\000o\000r\000t}{subsection.6.26.2}% 225
\BOOKMARK [3][-]{subsubsection.6.26.2.4}{\376\377\0006\000.\0002\0006\000.\0002\000.\0004\000\040\000S\000m\000t\000p\000S\000e\000r\000v\000e\000r}{subsection.6.26.2}% 226
\BOOKMARK [3][-]{subsubsection.6.26.2.5}{\376\377\0006\000.\0002\0006\000.\0002\000.\0005\000\040\000S\000m\000t\000p\000U\000s\000e\000T\000l\000s}{subsection.6.26.2}% 227
\BOOKMARK [3][-]{subsubsection.6.26.2.6}{\376\377\0006\000.\0002\0006\000.\0002\000.\0006\000\040\000U\000s\000e\000r\000n\000a\000m\000e}{subsection.6.26.2}% 228
\BOOKMARK [1][-]{section.6.27}{\376\377\0006\000.\0002\0007\000\040\000D\000o\000t\000N\000e\000t\000I\000d\000e\000n\000t\000i\000t\000y\000.\000I\000d\000e\000n\000t\000i\000t\000y\000S\000e\000t\000t\000i\000n\000g\000s\000.\000R\000e\000q\000u\000i\000r\000e\000m\000e\000n\000t\000s\000.\000M\000i\000n\000i\000m\000u\000m\000A\000g\000e\000H\000a\000n\000d\000l\000e\000r\000\040\000C\000l\000a\000s\000s\000\040\000R\000e\000f\000e\000r\000e\000n\000c\000e}{chapter.6}% 229
\BOOKMARK [2][-]{subsection.6.27.1}{\376\377\0006\000.\0002\0007\000.\0001\000\040\000D\000e\000t\000a\000i\000l\000e\000d\000\040\000D\000e\000s\000c\000r\000i\000p\000t\000i\000o\000n}{section.6.27}% 230
\BOOKMARK [2][-]{subsection.6.27.2}{\376\377\0006\000.\0002\0007\000.\0002\000\040\000M\000e\000m\000b\000e\000r\000\040\000F\000u\000n\000c\000t\000i\000o\000n\000\040\000D\000o\000c\000u\000m\000e\000n\000t\000a\000t\000i\000o\000n}{section.6.27}% 231
\BOOKMARK [3][-]{subsubsection.6.27.2.1}{\376\377\0006\000.\0002\0007\000.\0002\000.\0001\000\040\000H\000a\000n\000d\000l\000e\000R\000e\000q\000u\000i\000r\000e\000m\000e\000n\000t\000A\000s\000y\000n\000c\000\050\000\051}{subsection.6.27.2}% 232
\BOOKMARK [1][-]{section.6.28}{\376\377\0006\000.\0002\0008\000\040\000D\000o\000t\000N\000e\000t\000I\000d\000e\000n\000t\000i\000t\000y\000.\000I\000d\000e\000n\000t\000i\000t\000y\000S\000e\000t\000t\000i\000n\000g\000s\000.\000R\000e\000q\000u\000i\000r\000e\000m\000e\000n\000t\000s\000.\000M\000i\000n\000i\000m\000u\000m\000A\000g\000e\000R\000e\000q\000u\000i\000r\000e\000m\000e\000n\000t\000\040\000C\000l\000a\000s\000s\000\040\000R\000e\000f\000e\000r\000e\000n\000c\000e}{chapter.6}% 233
\BOOKMARK [2][-]{subsection.6.28.1}{\376\377\0006\000.\0002\0008\000.\0001\000\040\000D\000e\000t\000a\000i\000l\000e\000d\000\040\000D\000e\000s\000c\000r\000i\000p\000t\000i\000o\000n}{section.6.28}% 234
\BOOKMARK [2][-]{subsection.6.28.2}{\376\377\0006\000.\0002\0008\000.\0002\000\040\000C\000o\000n\000s\000t\000r\000u\000c\000t\000o\000r\000\040\000\046\000\040\000D\000e\000s\000t\000r\000u\000c\000t\000o\000r\000\040\000D\000o\000c\000u\000m\000e\000n\000t\000a\000t\000i\000o\000n}{section.6.28}% 235
\BOOKMARK [3][-]{subsubsection.6.28.2.1}{\376\377\0006\000.\0002\0008\000.\0002\000.\0001\000\040\000M\000i\000n\000i\000m\000u\000m\000A\000g\000e\000R\000e\000q\000u\000i\000r\000e\000m\000e\000n\000t\000\050\000\051}{subsection.6.28.2}% 236
\BOOKMARK [2][-]{subsection.6.28.3}{\376\377\0006\000.\0002\0008\000.\0003\000\040\000P\000r\000o\000p\000e\000r\000t\000y\000\040\000D\000o\000c\000u\000m\000e\000n\000t\000a\000t\000i\000o\000n}{section.6.28}% 237
\BOOKMARK [3][-]{subsubsection.6.28.3.1}{\376\377\0006\000.\0002\0008\000.\0003\000.\0001\000\040\000M\000i\000n\000i\000m\000u\000m\000A\000g\000e}{subsection.6.28.3}% 238
\BOOKMARK [1][-]{section.6.29}{\376\377\0006\000.\0002\0009\000\040\000D\000o\000t\000N\000e\000t\000I\000d\000e\000n\000t\000i\000t\000y\000.\000M\000o\000d\000e\000l\000s\000.\000V\000i\000e\000w\000M\000o\000d\000e\000l\000s\000.\000N\000e\000w\000U\000s\000e\000r\000M\000o\000d\000e\000l\000\040\000C\000l\000a\000s\000s\000\040\000R\000e\000f\000e\000r\000e\000n\000c\000e}{chapter.6}% 239
\BOOKMARK [2][-]{subsection.6.29.1}{\376\377\0006\000.\0002\0009\000.\0001\000\040\000D\000e\000t\000a\000i\000l\000e\000d\000\040\000D\000e\000s\000c\000r\000i\000p\000t\000i\000o\000n}{section.6.29}% 240
\BOOKMARK [2][-]{subsection.6.29.2}{\376\377\0006\000.\0002\0009\000.\0002\000\040\000P\000r\000o\000p\000e\000r\000t\000y\000\040\000D\000o\000c\000u\000m\000e\000n\000t\000a\000t\000i\000o\000n}{section.6.29}% 241
\BOOKMARK [3][-]{subsubsection.6.29.2.1}{\376\377\0006\000.\0002\0009\000.\0002\000.\0001\000\040\000D\000e\000p\000a\000r\000t\000m\000e\000n\000t}{subsection.6.29.2}% 242
\BOOKMARK [3][-]{subsubsection.6.29.2.2}{\376\377\0006\000.\0002\0009\000.\0002\000.\0002\000\040\000E\000m\000a\000i\000l}{subsection.6.29.2}% 243
\BOOKMARK [3][-]{subsubsection.6.29.2.3}{\376\377\0006\000.\0002\0009\000.\0002\000.\0003\000\040\000F\000i\000r\000s\000t\000N\000a\000m\000e}{subsection.6.29.2}% 244
\BOOKMARK [3][-]{subsubsection.6.29.2.4}{\376\377\0006\000.\0002\0009\000.\0002\000.\0004\000\040\000G\000e\000n\000d\000e\000r}{subsection.6.29.2}% 245
\BOOKMARK [3][-]{subsubsection.6.29.2.5}{\376\377\0006\000.\0002\0009\000.\0002\000.\0005\000\040\000I\000s\000L\000d\000a\000p\000L\000o\000g\000i\000n}{subsection.6.29.2}% 246
\BOOKMARK [3][-]{subsubsection.6.29.2.6}{\376\377\0006\000.\0002\0009\000.\0002\000.\0006\000\040\000I\000s\000M\000f\000a\000F\000o\000r\000c\000e}{subsection.6.29.2}% 247
\BOOKMARK [3][-]{subsubsection.6.29.2.7}{\376\377\0006\000.\0002\0009\000.\0002\000.\0007\000\040\000L\000a\000s\000t\000N\000a\000m\000e}{subsection.6.29.2}% 248
\BOOKMARK [3][-]{subsubsection.6.29.2.8}{\376\377\0006\000.\0002\0009\000.\0002\000.\0008\000\040\000P\000a\000s\000s\000w\000o\000r\000d}{subsection.6.29.2}% 249
\BOOKMARK [3][-]{subsubsection.6.29.2.9}{\376\377\0006\000.\0002\0009\000.\0002\000.\0009\000\040\000R\000o\000l\000e\000s}{subsection.6.29.2}% 250
\BOOKMARK [3][-]{subsubsection.6.29.2.10}{\376\377\0006\000.\0002\0009\000.\0002\000.\0001\0000\000\040\000U\000s\000e\000r\000N\000a\000m\000e}{subsection.6.29.2}% 251
\BOOKMARK [1][-]{section.6.30}{\376\377\0006\000.\0003\0000\000\040\000D\000o\000t\000N\000e\000t\000I\000d\000e\000n\000t\000i\000t\000y\000.\000I\000d\000e\000n\000t\000i\000t\000y\000S\000e\000t\000t\000i\000n\000g\000s\000.\000V\000a\000l\000i\000d\000a\000t\000o\000r\000s\000.\000P\000a\000s\000s\000w\000o\000r\000d\000V\000a\000l\000i\000d\000a\000t\000o\000r\000\040\000C\000l\000a\000s\000s\000\040\000R\000e\000f\000e\000r\000e\000n\000c\000e}{chapter.6}% 252
\BOOKMARK [2][-]{subsection.6.30.1}{\376\377\0006\000.\0003\0000\000.\0001\000\040\000D\000e\000t\000a\000i\000l\000e\000d\000\040\000D\000e\000s\000c\000r\000i\000p\000t\000i\000o\000n}{section.6.30}% 253
\BOOKMARK [2][-]{subsection.6.30.2}{\376\377\0006\000.\0003\0000\000.\0002\000\040\000M\000e\000m\000b\000e\000r\000\040\000F\000u\000n\000c\000t\000i\000o\000n\000\040\000D\000o\000c\000u\000m\000e\000n\000t\000a\000t\000i\000o\000n}{section.6.30}% 254
\BOOKMARK [3][-]{subsubsection.6.30.2.1}{\376\377\0006\000.\0003\0000\000.\0002\000.\0001\000\040\000V\000a\000l\000i\000d\000a\000t\000e\000A\000s\000y\000n\000c\000\050\000\051}{subsection.6.30.2}% 255
\BOOKMARK [1][-]{section.6.31}{\376\377\0006\000.\0003\0001\000\040\000D\000o\000t\000N\000e\000t\000I\000d\000e\000n\000t\000i\000t\000y\000.\000M\000o\000d\000e\000l\000s\000.\000V\000i\000e\000w\000M\000o\000d\000e\000l\000s\000.\000R\000e\000s\000e\000t\000P\000a\000s\000s\000w\000o\000r\000d\000V\000i\000e\000w\000M\000o\000d\000e\000l\000\040\000C\000l\000a\000s\000s\000\040\000R\000e\000f\000e\000r\000e\000n\000c\000e}{chapter.6}% 256
\BOOKMARK [2][-]{subsection.6.31.1}{\376\377\0006\000.\0003\0001\000.\0001\000\040\000D\000e\000t\000a\000i\000l\000e\000d\000\040\000D\000e\000s\000c\000r\000i\000p\000t\000i\000o\000n}{section.6.31}% 257
\BOOKMARK [2][-]{subsection.6.31.2}{\376\377\0006\000.\0003\0001\000.\0002\000\040\000P\000r\000o\000p\000e\000r\000t\000y\000\040\000D\000o\000c\000u\000m\000e\000n\000t\000a\000t\000i\000o\000n}{section.6.31}% 258
\BOOKMARK [3][-]{subsubsection.6.31.2.1}{\376\377\0006\000.\0003\0001\000.\0002\000.\0001\000\040\000P\000a\000s\000s\000w\000o\000r\000d}{subsection.6.31.2}% 259
\BOOKMARK [3][-]{subsubsection.6.31.2.2}{\376\377\0006\000.\0003\0001\000.\0002\000.\0002\000\040\000T\000o\000k\000e\000n}{subsection.6.31.2}% 260
\BOOKMARK [3][-]{subsubsection.6.31.2.3}{\376\377\0006\000.\0003\0001\000.\0002\000.\0003\000\040\000U\000s\000e\000r\000I\000d}{subsection.6.31.2}% 261
\BOOKMARK [1][-]{section.6.32}{\376\377\0006\000.\0003\0002\000\040\000D\000o\000t\000N\000e\000t\000I\000d\000e\000n\000t\000i\000t\000y\000.\000C\000o\000n\000t\000r\000o\000l\000l\000e\000r\000s\000.\000R\000o\000l\000e\000B\000a\000s\000e\000d\000C\000o\000n\000t\000r\000o\000l\000l\000e\000r\000\040\000C\000l\000a\000s\000s\000\040\000R\000e\000f\000e\000r\000e\000n\000c\000e}{chapter.6}% 262
\BOOKMARK [2][-]{subsection.6.32.1}{\376\377\0006\000.\0003\0002\000.\0001\000\040\000D\000e\000t\000a\000i\000l\000e\000d\000\040\000D\000e\000s\000c\000r\000i\000p\000t\000i\000o\000n}{section.6.32}% 263
\BOOKMARK [2][-]{subsection.6.32.2}{\376\377\0006\000.\0003\0002\000.\0002\000\040\000M\000e\000m\000b\000e\000r\000\040\000F\000u\000n\000c\000t\000i\000o\000n\000\040\000D\000o\000c\000u\000m\000e\000n\000t\000a\000t\000i\000o\000n}{section.6.32}% 264
\BOOKMARK [3][-]{subsubsection.6.32.2.1}{\376\377\0006\000.\0003\0002\000.\0002\000.\0001\000\040\000A\000r\000t\000i\000c\000l\000e\000s\000\050\000\051}{subsection.6.32.2}% 265
\BOOKMARK [3][-]{subsubsection.6.32.2.2}{\376\377\0006\000.\0003\0002\000.\0002\000.\0002\000\040\000D\000a\000s\000h\000b\000o\000a\000r\000d\000\050\000\051}{subsection.6.32.2}% 266
\BOOKMARK [3][-]{subsubsection.6.32.2.3}{\376\377\0006\000.\0003\0002\000.\0002\000.\0003\000\040\000P\000r\000o\000f\000i\000l\000e\000\050\000\051}{subsection.6.32.2}% 267
\BOOKMARK [3][-]{subsubsection.6.32.2.4}{\376\377\0006\000.\0003\0002\000.\0002\000.\0004\000\040\000U\000s\000e\000r\000s\000\050\000\051}{subsection.6.32.2}% 268
\BOOKMARK [1][-]{section.6.33}{\376\377\0006\000.\0003\0003\000\040\000D\000o\000t\000N\000e\000t\000I\000d\000e\000n\000t\000i\000t\000y\000.\000M\000o\000d\000e\000l\000s\000.\000D\000a\000t\000a\000M\000o\000d\000e\000l\000s\000.\000S\000e\000s\000s\000i\000o\000n\000C\000a\000c\000h\000e\000\040\000C\000l\000a\000s\000s\000\040\000R\000e\000f\000e\000r\000e\000n\000c\000e}{chapter.6}% 269
\BOOKMARK [2][-]{subsection.6.33.1}{\376\377\0006\000.\0003\0003\000.\0001\000\040\000D\000e\000t\000a\000i\000l\000e\000d\000\040\000D\000e\000s\000c\000r\000i\000p\000t\000i\000o\000n}{section.6.33}% 270
\BOOKMARK [2][-]{subsection.6.33.2}{\376\377\0006\000.\0003\0003\000.\0002\000\040\000P\000r\000o\000p\000e\000r\000t\000y\000\040\000D\000o\000c\000u\000m\000e\000n\000t\000a\000t\000i\000o\000n}{section.6.33}% 271
\BOOKMARK [3][-]{subsubsection.6.33.2.1}{\376\377\0006\000.\0003\0003\000.\0002\000.\0001\000\040\000A\000b\000s\000o\000l\000u\000t\000e\000E\000x\000p\000i\000r\000a\000t\000i\000o\000n}{subsection.6.33.2}% 272
\BOOKMARK [3][-]{subsubsection.6.33.2.2}{\376\377\0006\000.\0003\0003\000.\0002\000.\0002\000\040\000E\000x\000p\000i\000r\000e\000s\000A\000t\000T\000i\000m\000e}{subsection.6.33.2}% 273
\BOOKMARK [3][-]{subsubsection.6.33.2.3}{\376\377\0006\000.\0003\0003\000.\0002\000.\0003\000\040\000i\000d}{subsection.6.33.2}% 274
\BOOKMARK [3][-]{subsubsection.6.33.2.4}{\376\377\0006\000.\0003\0003\000.\0002\000.\0004\000\040\000S\000l\000i\000d\000i\000n\000g\000E\000x\000p\000i\000r\000a\000t\000i\000o\000n\000I\000n\000S\000e\000c\000o\000n\000d\000s}{subsection.6.33.2}% 275
\BOOKMARK [3][-]{subsubsection.6.33.2.5}{\376\377\0006\000.\0003\0003\000.\0002\000.\0005\000\040\000V\000a\000l\000u\000e}{subsection.6.33.2}% 276
\BOOKMARK [1][-]{section.6.34}{\376\377\0006\000.\0003\0004\000\040\000D\000o\000t\000N\000e\000t\000I\000d\000e\000n\000t\000i\000t\000y\000.\000C\000o\000n\000t\000r\000o\000l\000l\000e\000r\000s\000.\000S\000e\000t\000t\000i\000n\000g\000s\000C\000o\000n\000t\000r\000o\000l\000l\000e\000r\000\040\000C\000l\000a\000s\000s\000\040\000R\000e\000f\000e\000r\000e\000n\000c\000e}{chapter.6}% 277
\BOOKMARK [2][-]{subsection.6.34.1}{\376\377\0006\000.\0003\0004\000.\0001\000\040\000D\000e\000t\000a\000i\000l\000e\000d\000\040\000D\000e\000s\000c\000r\000i\000p\000t\000i\000o\000n}{section.6.34}% 278
\BOOKMARK [2][-]{subsection.6.34.2}{\376\377\0006\000.\0003\0004\000.\0002\000\040\000C\000o\000n\000s\000t\000r\000u\000c\000t\000o\000r\000\040\000\046\000\040\000D\000e\000s\000t\000r\000u\000c\000t\000o\000r\000\040\000D\000o\000c\000u\000m\000e\000n\000t\000a\000t\000i\000o\000n}{section.6.34}% 279
\BOOKMARK [3][-]{subsubsection.6.34.2.1}{\376\377\0006\000.\0003\0004\000.\0002\000.\0001\000\040\000S\000e\000t\000t\000i\000n\000g\000s\000C\000o\000n\000t\000r\000o\000l\000l\000e\000r\000\050\000\051}{subsection.6.34.2}% 280
\BOOKMARK [2][-]{subsection.6.34.3}{\376\377\0006\000.\0003\0004\000.\0003\000\040\000M\000e\000m\000b\000e\000r\000\040\000F\000u\000n\000c\000t\000i\000o\000n\000\040\000D\000o\000c\000u\000m\000e\000n\000t\000a\000t\000i\000o\000n}{section.6.34}% 281
\BOOKMARK [3][-]{subsubsection.6.34.3.1}{\376\377\0006\000.\0003\0004\000.\0003\000.\0001\000\040\000S\000e\000t\000t\000i\000n\000g\000s\000A\000p\000p\000\050\000\051}{subsection.6.34.3}% 282
\BOOKMARK [3][-]{subsubsection.6.34.3.2}{\376\377\0006\000.\0003\0004\000.\0003\000.\0002\000\040\000S\000e\000t\000t\000i\000n\000g\000s\000L\000d\000a\000p\000\050\000\051\000\040\000[\0001\000/\0002\000]}{subsection.6.34.3}% 283
\BOOKMARK [3][-]{subsubsection.6.34.3.3}{\376\377\0006\000.\0003\0004\000.\0003\000.\0003\000\040\000S\000e\000t\000t\000i\000n\000g\000s\000L\000d\000a\000p\000\050\000\051\000\040\000[\0002\000/\0002\000]}{subsection.6.34.3}% 284
\BOOKMARK [3][-]{subsubsection.6.34.3.4}{\376\377\0006\000.\0003\0004\000.\0003\000.\0004\000\040\000S\000e\000t\000t\000i\000n\000g\000s\000M\000a\000i\000l\000\050\000\051\000\040\000[\0001\000/\0003\000]}{subsection.6.34.3}% 285
\BOOKMARK [3][-]{subsubsection.6.34.3.5}{\376\377\0006\000.\0003\0004\000.\0003\000.\0005\000\040\000S\000e\000t\000t\000i\000n\000g\000s\000M\000a\000i\000l\000\050\000\051\000\040\000[\0002\000/\0003\000]}{subsection.6.34.3}% 286
\BOOKMARK [3][-]{subsubsection.6.34.3.6}{\376\377\0006\000.\0003\0004\000.\0003\000.\0006\000\040\000S\000e\000t\000t\000i\000n\000g\000s\000M\000a\000i\000l\000\050\000\051\000\040\000[\0003\000/\0003\000]}{subsection.6.34.3}% 287
\BOOKMARK [1][-]{section.6.35}{\376\377\0006\000.\0003\0005\000\040\000D\000o\000t\000N\000e\000t\000I\000d\000e\000n\000t\000i\000t\000y\000.\000S\000e\000r\000v\000i\000c\000e\000s\000.\000S\000e\000t\000t\000i\000n\000g\000s\000S\000e\000r\000v\000i\000c\000e\000.\000S\000e\000t\000t\000i\000n\000g\000s\000S\000e\000r\000v\000i\000c\000e\000\040\000C\000l\000a\000s\000s\000\040\000R\000e\000f\000e\000r\000e\000n\000c\000e}{chapter.6}% 288
\BOOKMARK [2][-]{subsection.6.35.1}{\376\377\0006\000.\0003\0005\000.\0001\000\040\000D\000e\000t\000a\000i\000l\000e\000d\000\040\000D\000e\000s\000c\000r\000i\000p\000t\000i\000o\000n}{section.6.35}% 289
\BOOKMARK [2][-]{subsection.6.35.2}{\376\377\0006\000.\0003\0005\000.\0002\000\040\000C\000o\000n\000s\000t\000r\000u\000c\000t\000o\000r\000\040\000\046\000\040\000D\000e\000s\000t\000r\000u\000c\000t\000o\000r\000\040\000D\000o\000c\000u\000m\000e\000n\000t\000a\000t\000i\000o\000n}{section.6.35}% 290
\BOOKMARK [3][-]{subsubsection.6.35.2.1}{\376\377\0006\000.\0003\0005\000.\0002\000.\0001\000\040\000S\000e\000t\000t\000i\000n\000g\000s\000S\000e\000r\000v\000i\000c\000e\000\050\000\051}{subsection.6.35.2}% 291
\BOOKMARK [2][-]{subsection.6.35.3}{\376\377\0006\000.\0003\0005\000.\0003\000\040\000M\000e\000m\000b\000e\000r\000\040\000F\000u\000n\000c\000t\000i\000o\000n\000\040\000D\000o\000c\000u\000m\000e\000n\000t\000a\000t\000i\000o\000n}{section.6.35}% 292
\BOOKMARK [3][-]{subsubsection.6.35.3.1}{\376\377\0006\000.\0003\0005\000.\0003\000.\0001\000\040\000S\000a\000v\000e\000\050\000\051}{subsection.6.35.3}% 293
\BOOKMARK [2][-]{subsection.6.35.4}{\376\377\0006\000.\0003\0005\000.\0004\000\040\000P\000r\000o\000p\000e\000r\000t\000y\000\040\000D\000o\000c\000u\000m\000e\000n\000t\000a\000t\000i\000o\000n}{section.6.35}% 294
\BOOKMARK [3][-]{subsubsection.6.35.4.1}{\376\377\0006\000.\0003\0005\000.\0004\000.\0001\000\040\000G\000l\000o\000b\000a\000l}{subsection.6.35.4}% 295
\BOOKMARK [3][-]{subsubsection.6.35.4.2}{\376\377\0006\000.\0003\0005\000.\0004\000.\0002\000\040\000L\000d\000a\000p}{subsection.6.35.4}% 296
\BOOKMARK [3][-]{subsubsection.6.35.4.3}{\376\377\0006\000.\0003\0005\000.\0004\000.\0003\000\040\000M\000a\000i\000l}{subsection.6.35.4}% 297
\BOOKMARK [1][-]{section.6.36}{\376\377\0006\000.\0003\0006\000\040\000D\000o\000t\000N\000e\000t\000I\000d\000e\000n\000t\000i\000t\000y\000.\000M\000o\000d\000e\000l\000s\000.\000V\000i\000e\000w\000M\000o\000d\000e\000l\000s\000.\000S\000i\000g\000n\000I\000n\000V\000i\000e\000w\000M\000o\000d\000e\000l\000\040\000C\000l\000a\000s\000s\000\040\000R\000e\000f\000e\000r\000e\000n\000c\000e}{chapter.6}% 298
\BOOKMARK [2][-]{subsection.6.36.1}{\376\377\0006\000.\0003\0006\000.\0001\000\040\000D\000e\000t\000a\000i\000l\000e\000d\000\040\000D\000e\000s\000c\000r\000i\000p\000t\000i\000o\000n}{section.6.36}% 299
\BOOKMARK [2][-]{subsection.6.36.2}{\376\377\0006\000.\0003\0006\000.\0002\000\040\000P\000r\000o\000p\000e\000r\000t\000y\000\040\000D\000o\000c\000u\000m\000e\000n\000t\000a\000t\000i\000o\000n}{section.6.36}% 300
\BOOKMARK [3][-]{subsubsection.6.36.2.1}{\376\377\0006\000.\0003\0006\000.\0002\000.\0001\000\040\000P\000a\000s\000s\000w\000o\000r\000d}{subsection.6.36.2}% 301
\BOOKMARK [3][-]{subsubsection.6.36.2.2}{\376\377\0006\000.\0003\0006\000.\0002\000.\0002\000\040\000R\000e\000m\000e\000m\000b\000e\000r\000M\000e}{subsection.6.36.2}% 302
\BOOKMARK [3][-]{subsubsection.6.36.2.3}{\376\377\0006\000.\0003\0006\000.\0002\000.\0003\000\040\000U\000s\000e\000r\000N\000a\000m\000e}{subsection.6.36.2}% 303
\BOOKMARK [1][-]{section.6.37}{\376\377\0006\000.\0003\0007\000\040\000D\000o\000t\000N\000e\000t\000I\000d\000e\000n\000t\000i\000t\000y\000.\000M\000o\000d\000e\000l\000s\000.\000V\000i\000e\000w\000M\000o\000d\000e\000l\000s\000.\000S\000i\000g\000n\000U\000p\000V\000i\000e\000w\000M\000o\000d\000e\000l\000\040\000C\000l\000a\000s\000s\000\040\000R\000e\000f\000e\000r\000e\000n\000c\000e}{chapter.6}% 304
\BOOKMARK [2][-]{subsection.6.37.1}{\376\377\0006\000.\0003\0007\000.\0001\000\040\000D\000e\000t\000a\000i\000l\000e\000d\000\040\000D\000e\000s\000c\000r\000i\000p\000t\000i\000o\000n}{section.6.37}% 305
\BOOKMARK [2][-]{subsection.6.37.2}{\376\377\0006\000.\0003\0007\000.\0002\000\040\000P\000r\000o\000p\000e\000r\000t\000y\000\040\000D\000o\000c\000u\000m\000e\000n\000t\000a\000t\000i\000o\000n}{section.6.37}% 306
\BOOKMARK [3][-]{subsubsection.6.37.2.1}{\376\377\0006\000.\0003\0007\000.\0002\000.\0001\000\040\000B\000i\000r\000t\000h\000D\000a\000y}{subsection.6.37.2}% 307
\BOOKMARK [3][-]{subsubsection.6.37.2.2}{\376\377\0006\000.\0003\0007\000.\0002\000.\0002\000\040\000D\000e\000p\000a\000r\000t\000m\000e\000n\000t}{subsection.6.37.2}% 308
\BOOKMARK [3][-]{subsubsection.6.37.2.3}{\376\377\0006\000.\0003\0007\000.\0002\000.\0003\000\040\000E\000m\000a\000i\000l}{subsection.6.37.2}% 309
\BOOKMARK [3][-]{subsubsection.6.37.2.4}{\376\377\0006\000.\0003\0007\000.\0002\000.\0004\000\040\000F\000i\000r\000s\000t\000N\000a\000m\000e}{subsection.6.37.2}% 310
\BOOKMARK [3][-]{subsubsection.6.37.2.5}{\376\377\0006\000.\0003\0007\000.\0002\000.\0005\000\040\000G\000e\000n\000d\000e\000r}{subsection.6.37.2}% 311
\BOOKMARK [3][-]{subsubsection.6.37.2.6}{\376\377\0006\000.\0003\0007\000.\0002\000.\0006\000\040\000L\000a\000s\000t\000N\000a\000m\000e}{subsection.6.37.2}% 312
\BOOKMARK [3][-]{subsubsection.6.37.2.7}{\376\377\0006\000.\0003\0007\000.\0002\000.\0007\000\040\000P\000a\000s\000s\000w\000o\000r\000d}{subsection.6.37.2}% 313
\BOOKMARK [3][-]{subsubsection.6.37.2.8}{\376\377\0006\000.\0003\0007\000.\0002\000.\0008\000\040\000U\000s\000e\000r\000N\000a\000m\000e}{subsection.6.37.2}% 314
\BOOKMARK [1][-]{section.6.38}{\376\377\0006\000.\0003\0008\000\040\000D\000o\000t\000N\000e\000t\000I\000d\000e\000n\000t\000i\000t\000y\000.\000M\000o\000d\000e\000l\000s\000.\000V\000i\000e\000w\000M\000o\000d\000e\000l\000s\000.\000S\000t\000a\000t\000u\000s\000C\000o\000d\000e\000s\000M\000o\000d\000e\000l\000\040\000C\000l\000a\000s\000s\000\040\000R\000e\000f\000e\000r\000e\000n\000c\000e}{chapter.6}% 315
\BOOKMARK [2][-]{subsection.6.38.1}{\376\377\0006\000.\0003\0008\000.\0001\000\040\000D\000e\000t\000a\000i\000l\000e\000d\000\040\000D\000e\000s\000c\000r\000i\000p\000t\000i\000o\000n}{section.6.38}% 316
\BOOKMARK [2][-]{subsection.6.38.2}{\376\377\0006\000.\0003\0008\000.\0002\000\040\000P\000r\000o\000p\000e\000r\000t\000y\000\040\000D\000o\000c\000u\000m\000e\000n\000t\000a\000t\000i\000o\000n}{section.6.38}% 317
\BOOKMARK [3][-]{subsubsection.6.38.2.1}{\376\377\0006\000.\0003\0008\000.\0002\000.\0001\000\040\000E\000r\000r\000o\000r\000M\000e\000s\000s\000a\000g\000e}{subsection.6.38.2}% 318
\BOOKMARK [3][-]{subsubsection.6.38.2.2}{\376\377\0006\000.\0003\0008\000.\0002\000.\0002\000\040\000R\000o\000u\000t\000e\000O\000f\000E\000x\000c\000e\000p\000t\000i\000o\000n}{subsection.6.38.2}% 319
\BOOKMARK [3][-]{subsubsection.6.38.2.3}{\376\377\0006\000.\0003\0008\000.\0002\000.\0003\000\040\000S\000t\000a\000t\000u\000s\000C\000o\000d\000e}{subsection.6.38.2}% 320
\BOOKMARK [1][-]{section.6.39}{\376\377\0006\000.\0003\0009\000\040\000D\000o\000t\000N\000e\000t\000I\000d\000e\000n\000t\000i\000t\000y\000.\000I\000d\000e\000n\000t\000i\000t\000y\000S\000e\000t\000t\000i\000n\000g\000s\000.\000T\000w\000o\000F\000a\000c\000t\000o\000r\000A\000u\000t\000h\000e\000n\000t\000i\000c\000a\000t\000i\000o\000n\000S\000e\000r\000v\000i\000c\000e\000\040\000C\000l\000a\000s\000s\000\040\000R\000e\000f\000e\000r\000e\000n\000c\000e}{chapter.6}% 321
\BOOKMARK [2][-]{subsection.6.39.1}{\376\377\0006\000.\0003\0009\000.\0001\000\040\000D\000e\000t\000a\000i\000l\000e\000d\000\040\000D\000e\000s\000c\000r\000i\000p\000t\000i\000o\000n}{section.6.39}% 322
\BOOKMARK [2][-]{subsection.6.39.2}{\376\377\0006\000.\0003\0009\000.\0002\000\040\000C\000o\000n\000s\000t\000r\000u\000c\000t\000o\000r\000\040\000\046\000\040\000D\000e\000s\000t\000r\000u\000c\000t\000o\000r\000\040\000D\000o\000c\000u\000m\000e\000n\000t\000a\000t\000i\000o\000n}{section.6.39}% 323
\BOOKMARK [3][-]{subsubsection.6.39.2.1}{\376\377\0006\000.\0003\0009\000.\0002\000.\0001\000\040\000T\000w\000o\000F\000a\000c\000t\000o\000r\000A\000u\000t\000h\000e\000n\000t\000i\000c\000a\000t\000i\000o\000n\000S\000e\000r\000v\000i\000c\000e\000\050\000\051}{subsection.6.39.2}% 324
\BOOKMARK [2][-]{subsection.6.39.3}{\376\377\0006\000.\0003\0009\000.\0003\000\040\000M\000e\000m\000b\000e\000r\000\040\000F\000u\000n\000c\000t\000i\000o\000n\000\040\000D\000o\000c\000u\000m\000e\000n\000t\000a\000t\000i\000o\000n}{section.6.39}% 325
\BOOKMARK [3][-]{subsubsection.6.39.3.1}{\376\377\0006\000.\0003\0009\000.\0003\000.\0001\000\040\000G\000e\000n\000e\000r\000a\000t\000e\000Q\000r\000C\000o\000d\000e\000U\000r\000i\000\050\000\051}{subsection.6.39.3}% 326
\BOOKMARK [1][-]{section.6.40}{\376\377\0006\000.\0004\0000\000\040\000D\000o\000t\000N\000e\000t\000I\000d\000e\000n\000t\000i\000t\000y\000.\000M\000o\000d\000e\000l\000s\000.\000V\000i\000e\000w\000M\000o\000d\000e\000l\000s\000.\000T\000w\000o\000F\000a\000c\000t\000o\000r\000A\000u\000t\000h\000e\000n\000t\000i\000c\000a\000t\000o\000r\000V\000i\000e\000w\000M\000o\000d\000e\000l\000\040\000C\000l\000a\000s\000s\000\040\000R\000e\000f\000e\000r\000e\000n\000c\000e}{chapter.6}% 327
\BOOKMARK [2][-]{subsection.6.40.1}{\376\377\0006\000.\0004\0000\000.\0001\000\040\000D\000e\000t\000a\000i\000l\000e\000d\000\040\000D\000e\000s\000c\000r\000i\000p\000t\000i\000o\000n}{section.6.40}% 328
\BOOKMARK [2][-]{subsection.6.40.2}{\376\377\0006\000.\0004\0000\000.\0002\000\040\000P\000r\000o\000p\000e\000r\000t\000y\000\040\000D\000o\000c\000u\000m\000e\000n\000t\000a\000t\000i\000o\000n}{section.6.40}% 329
\BOOKMARK [3][-]{subsubsection.6.40.2.1}{\376\377\0006\000.\0004\0000\000.\0002\000.\0001\000\040\000A\000u\000t\000h\000e\000n\000t\000i\000c\000a\000t\000i\000o\000n\000U\000r\000i}{subsection.6.40.2}% 330
\BOOKMARK [3][-]{subsubsection.6.40.2.2}{\376\377\0006\000.\0004\0000\000.\0002\000.\0002\000\040\000S\000h\000a\000r\000e\000d\000K\000e\000y}{subsection.6.40.2}% 331
\BOOKMARK [3][-]{subsubsection.6.40.2.3}{\376\377\0006\000.\0004\0000\000.\0002\000.\0003\000\040\000V\000e\000r\000i\000f\000i\000c\000a\000t\000i\000o\000n\000C\000o\000d\000e}{subsection.6.40.2}% 332
\BOOKMARK [1][-]{section.6.41}{\376\377\0006\000.\0004\0001\000\040\000D\000o\000t\000N\000e\000t\000I\000d\000e\000n\000t\000i\000t\000y\000.\000M\000o\000d\000e\000l\000s\000.\000V\000i\000e\000w\000M\000o\000d\000e\000l\000s\000.\000T\000w\000o\000F\000a\000c\000t\000o\000r\000L\000o\000g\000i\000n\000V\000i\000e\000W\000M\000o\000d\000e\000l\000\040\000C\000l\000a\000s\000s\000\040\000R\000e\000f\000e\000r\000e\000n\000c\000e}{chapter.6}% 333
\BOOKMARK [2][-]{subsection.6.41.1}{\376\377\0006\000.\0004\0001\000.\0001\000\040\000D\000e\000t\000a\000i\000l\000e\000d\000\040\000D\000e\000s\000c\000r\000i\000p\000t\000i\000o\000n}{section.6.41}% 334
\BOOKMARK [2][-]{subsection.6.41.2}{\376\377\0006\000.\0004\0001\000.\0002\000\040\000P\000r\000o\000p\000e\000r\000t\000y\000\040\000D\000o\000c\000u\000m\000e\000n\000t\000a\000t\000i\000o\000n}{section.6.41}% 335
\BOOKMARK [3][-]{subsubsection.6.41.2.1}{\376\377\0006\000.\0004\0001\000.\0002\000.\0001\000\040\000I\000s\000R\000e\000c\000o\000v\000e\000r\000y\000C\000o\000d\000e}{subsection.6.41.2}% 336
\BOOKMARK [3][-]{subsubsection.6.41.2.2}{\376\377\0006\000.\0004\0001\000.\0002\000.\0002\000\040\000T\000w\000o\000F\000a\000c\000t\000o\000r\000T\000y\000p\000e}{subsection.6.41.2}% 337
\BOOKMARK [3][-]{subsubsection.6.41.2.3}{\376\377\0006\000.\0004\0001\000.\0002\000.\0003\000\040\000V\000e\000r\000i\000f\000i\000c\000a\000t\000i\000o\000n\000C\000o\000d\000e}{subsection.6.41.2}% 338
\BOOKMARK [1][-]{section.6.42}{\376\377\0006\000.\0004\0002\000\040\000D\000o\000t\000N\000e\000t\000I\000d\000e\000n\000t\000i\000t\000y\000.\000M\000o\000d\000e\000l\000s\000.\000V\000i\000e\000w\000M\000o\000d\000e\000l\000s\000.\000T\000w\000o\000F\000a\000c\000t\000o\000r\000T\000y\000p\000e\000V\000i\000e\000w\000M\000o\000d\000e\000l\000\040\000C\000l\000a\000s\000s\000\040\000R\000e\000f\000e\000r\000e\000n\000c\000e}{chapter.6}% 339
\BOOKMARK [2][-]{subsection.6.42.1}{\376\377\0006\000.\0004\0002\000.\0001\000\040\000D\000e\000t\000a\000i\000l\000e\000d\000\040\000D\000e\000s\000c\000r\000i\000p\000t\000i\000o\000n}{section.6.42}% 340
\BOOKMARK [2][-]{subsection.6.42.2}{\376\377\0006\000.\0004\0002\000.\0002\000\040\000P\000r\000o\000p\000e\000r\000t\000y\000\040\000D\000o\000c\000u\000m\000e\000n\000t\000a\000t\000i\000o\000n}{section.6.42}% 341
\BOOKMARK [3][-]{subsubsection.6.42.2.1}{\376\377\0006\000.\0004\0002\000.\0002\000.\0001\000\040\000T\000w\000o\000F\000a\000c\000t\000o\000r\000T\000y\000p\000e}{subsection.6.42.2}% 342
\BOOKMARK [1][-]{section.6.43}{\376\377\0006\000.\0004\0003\000\040\000D\000o\000t\000N\000e\000t\000I\000d\000e\000n\000t\000i\000t\000y\000.\000M\000o\000d\000e\000l\000s\000.\000V\000i\000e\000w\000M\000o\000d\000e\000l\000s\000.\000U\000p\000d\000a\000t\000e\000P\000r\000o\000f\000i\000l\000e\000V\000i\000e\000w\000M\000o\000d\000e\000l\000\040\000C\000l\000a\000s\000s\000\040\000R\000e\000f\000e\000r\000e\000n\000c\000e}{chapter.6}% 343
\BOOKMARK [2][-]{subsection.6.43.1}{\376\377\0006\000.\0004\0003\000.\0001\000\040\000D\000e\000t\000a\000i\000l\000e\000d\000\040\000D\000e\000s\000c\000r\000i\000p\000t\000i\000o\000n}{section.6.43}% 344
\BOOKMARK [2][-]{subsection.6.43.2}{\376\377\0006\000.\0004\0003\000.\0002\000\040\000P\000r\000o\000p\000e\000r\000t\000y\000\040\000D\000o\000c\000u\000m\000e\000n\000t\000a\000t\000i\000o\000n}{section.6.43}% 345
\BOOKMARK [3][-]{subsubsection.6.43.2.1}{\376\377\0006\000.\0004\0003\000.\0002\000.\0001\000\040\000B\000i\000r\000t\000h\000D\000a\000y}{subsection.6.43.2}% 346
\BOOKMARK [3][-]{subsubsection.6.43.2.2}{\376\377\0006\000.\0004\0003\000.\0002\000.\0002\000\040\000E\000m\000a\000i\000l}{subsection.6.43.2}% 347
\BOOKMARK [3][-]{subsubsection.6.43.2.3}{\376\377\0006\000.\0004\0003\000.\0002\000.\0003\000\040\000G\000e\000n\000d\000e\000r}{subsection.6.43.2}% 348
\BOOKMARK [3][-]{subsubsection.6.43.2.4}{\376\377\0006\000.\0004\0003\000.\0002\000.\0004\000\040\000P\000h\000o\000n\000e\000N\000u\000m\000b\000e\000r}{subsection.6.43.2}% 349
\BOOKMARK [3][-]{subsubsection.6.43.2.5}{\376\377\0006\000.\0004\0003\000.\0002\000.\0005\000\040\000P\000r\000o\000f\000i\000l\000e\000P\000i\000c\000t\000u\000r\000e}{subsection.6.43.2}% 350
\BOOKMARK [3][-]{subsubsection.6.43.2.6}{\376\377\0006\000.\0004\0003\000.\0002\000.\0006\000\040\000U\000s\000e\000r\000N\000a\000m\000e}{subsection.6.43.2}% 351
\BOOKMARK [1][-]{section.6.44}{\376\377\0006\000.\0004\0004\000\040\000D\000o\000t\000N\000e\000t\000I\000d\000e\000n\000t\000i\000t\000y\000.\000M\000o\000d\000e\000l\000s\000.\000V\000i\000e\000w\000M\000o\000d\000e\000l\000s\000.\000U\000p\000s\000e\000r\000t\000R\000o\000l\000e\000V\000i\000e\000w\000M\000o\000d\000e\000l\000\040\000C\000l\000a\000s\000s\000\040\000R\000e\000f\000e\000r\000e\000n\000c\000e}{chapter.6}% 352
\BOOKMARK [2][-]{subsection.6.44.1}{\376\377\0006\000.\0004\0004\000.\0001\000\040\000D\000e\000t\000a\000i\000l\000e\000d\000\040\000D\000e\000s\000c\000r\000i\000p\000t\000i\000o\000n}{section.6.44}% 353
\BOOKMARK [2][-]{subsection.6.44.2}{\376\377\0006\000.\0004\0004\000.\0002\000\040\000P\000r\000o\000p\000e\000r\000t\000y\000\040\000D\000o\000c\000u\000m\000e\000n\000t\000a\000t\000i\000o\000n}{section.6.44}% 354
\BOOKMARK [3][-]{subsubsection.6.44.2.1}{\376\377\0006\000.\0004\0004\000.\0002\000.\0001\000\040\000I\000d}{subsection.6.44.2}% 355
\BOOKMARK [3][-]{subsubsection.6.44.2.2}{\376\377\0006\000.\0004\0004\000.\0002\000.\0002\000\040\000N\000a\000m\000e}{subsection.6.44.2}% 356
\BOOKMARK [1][-]{section.6.45}{\376\377\0006\000.\0004\0005\000\040\000D\000o\000t\000N\000e\000t\000I\000d\000e\000n\000t\000i\000t\000y\000.\000C\000o\000n\000t\000r\000o\000l\000l\000e\000r\000s\000.\000U\000s\000e\000r\000C\000o\000n\000t\000r\000o\000l\000l\000e\000r\000\040\000C\000l\000a\000s\000s\000\040\000R\000e\000f\000e\000r\000e\000n\000c\000e}{chapter.6}% 357
\BOOKMARK [2][-]{subsection.6.45.1}{\376\377\0006\000.\0004\0005\000.\0001\000\040\000D\000e\000t\000a\000i\000l\000e\000d\000\040\000D\000e\000s\000c\000r\000i\000p\000t\000i\000o\000n}{section.6.45}% 358
\BOOKMARK [2][-]{subsection.6.45.2}{\376\377\0006\000.\0004\0005\000.\0002\000\040\000C\000o\000n\000s\000t\000r\000u\000c\000t\000o\000r\000\040\000\046\000\040\000D\000e\000s\000t\000r\000u\000c\000t\000o\000r\000\040\000D\000o\000c\000u\000m\000e\000n\000t\000a\000t\000i\000o\000n}{section.6.45}% 359
\BOOKMARK [3][-]{subsubsection.6.45.2.1}{\376\377\0006\000.\0004\0005\000.\0002\000.\0001\000\040\000U\000s\000e\000r\000C\000o\000n\000t\000r\000o\000l\000l\000e\000r\000\050\000\051}{subsection.6.45.2}% 360
\BOOKMARK [2][-]{subsection.6.45.3}{\376\377\0006\000.\0004\0005\000.\0003\000\040\000M\000e\000m\000b\000e\000r\000\040\000F\000u\000n\000c\000t\000i\000o\000n\000\040\000D\000o\000c\000u\000m\000e\000n\000t\000a\000t\000i\000o\000n}{section.6.45}% 361
\BOOKMARK [3][-]{subsubsection.6.45.3.1}{\376\377\0006\000.\0004\0005\000.\0003\000.\0001\000\040\000C\000h\000a\000n\000g\000e\000P\000a\000s\000s\000w\000o\000r\000d\000\050\000\051\000\040\000[\0001\000/\0002\000]}{subsection.6.45.3}% 362
\BOOKMARK [3][-]{subsubsection.6.45.3.2}{\376\377\0006\000.\0004\0005\000.\0003\000.\0002\000\040\000C\000h\000a\000n\000g\000e\000P\000a\000s\000s\000w\000o\000r\000d\000\050\000\051\000\040\000[\0002\000/\0002\000]}{subsection.6.45.3}% 363
\BOOKMARK [3][-]{subsubsection.6.45.3.3}{\376\377\0006\000.\0004\0005\000.\0003\000.\0003\000\040\000C\000o\000n\000f\000i\000r\000m\000E\000m\000a\000i\000l\000\050\000\051}{subsection.6.45.3}% 364
\BOOKMARK [3][-]{subsubsection.6.45.3.4}{\376\377\0006\000.\0004\0005\000.\0003\000.\0004\000\040\000d\000e\000b\000u\000g\000U\000s\000e\000r\000I\000n\000f\000o\000\050\000\051}{subsection.6.45.3}% 365
\BOOKMARK [3][-]{subsubsection.6.45.3.5}{\376\377\0006\000.\0004\0005\000.\0003\000.\0005\000\040\000E\000n\000f\000o\000r\000c\000e\000T\000w\000o\000F\000a\000c\000t\000o\000r\000A\000u\000t\000h\000e\000n\000t\000i\000c\000a\000t\000o\000r\000\050\000\051\000\040\000[\0001\000/\0002\000]}{subsection.6.45.3}% 366
\BOOKMARK [3][-]{subsubsection.6.45.3.6}{\376\377\0006\000.\0004\0005\000.\0003\000.\0006\000\040\000E\000n\000f\000o\000r\000c\000e\000T\000w\000o\000F\000a\000c\000t\000o\000r\000A\000u\000t\000h\000e\000n\000t\000i\000c\000a\000t\000o\000r\000\050\000\051\000\040\000[\0002\000/\0002\000]}{subsection.6.45.3}% 367
\BOOKMARK [3][-]{subsubsection.6.45.3.7}{\376\377\0006\000.\0004\0005\000.\0003\000.\0007\000\040\000E\000n\000f\000o\000r\000c\000e\000T\000w\000o\000F\000a\000c\000t\000o\000r\000R\000e\000s\000u\000l\000t\000\050\000\051}{subsection.6.45.3}% 368
\BOOKMARK [3][-]{subsubsection.6.45.3.8}{\376\377\0006\000.\0004\0005\000.\0003\000.\0008\000\040\000F\000o\000r\000g\000o\000t\000P\000a\000s\000s\000w\000o\000r\000d\000\050\000\051\000\040\000[\0001\000/\0002\000]}{subsection.6.45.3}% 369
\BOOKMARK [3][-]{subsubsection.6.45.3.9}{\376\377\0006\000.\0004\0005\000.\0003\000.\0009\000\040\000F\000o\000r\000g\000o\000t\000P\000a\000s\000s\000w\000o\000r\000d\000\050\000\051\000\040\000[\0002\000/\0002\000]}{subsection.6.45.3}% 370
\BOOKMARK [3][-]{subsubsection.6.45.3.10}{\376\377\0006\000.\0004\0005\000.\0003\000.\0001\0000\000\040\000L\000o\000g\000i\000n\000\050\000\051\000\040\000[\0001\000/\0002\000]}{subsection.6.45.3}% 371
\BOOKMARK [3][-]{subsubsection.6.45.3.11}{\376\377\0006\000.\0004\0005\000.\0003\000.\0001\0001\000\040\000L\000o\000g\000i\000n\000\050\000\051\000\040\000[\0002\000/\0002\000]}{subsection.6.45.3}% 372
\BOOKMARK [3][-]{subsubsection.6.45.3.12}{\376\377\0006\000.\0004\0005\000.\0003\000.\0001\0002\000\040\000L\000o\000g\000o\000u\000t\000\050\000\051}{subsection.6.45.3}% 373
\BOOKMARK [3][-]{subsubsection.6.45.3.13}{\376\377\0006\000.\0004\0005\000.\0003\000.\0001\0003\000\040\000p\000i\000n\000g\000\050\000\051}{subsection.6.45.3}% 374
\BOOKMARK [3][-]{subsubsection.6.45.3.14}{\376\377\0006\000.\0004\0005\000.\0003\000.\0001\0004\000\040\000P\000r\000o\000f\000i\000l\000e\000\050\000\051\000\040\000[\0001\000/\0002\000]}{subsection.6.45.3}% 375
\BOOKMARK [3][-]{subsubsection.6.45.3.15}{\376\377\0006\000.\0004\0005\000.\0003\000.\0001\0005\000\040\000P\000r\000o\000f\000i\000l\000e\000\050\000\051\000\040\000[\0002\000/\0002\000]}{subsection.6.45.3}% 376
\BOOKMARK [3][-]{subsubsection.6.45.3.16}{\376\377\0006\000.\0004\0005\000.\0003\000.\0001\0006\000\040\000R\000e\000g\000i\000s\000t\000e\000r\000\050\000\051\000\040\000[\0001\000/\0002\000]}{subsection.6.45.3}% 377
\BOOKMARK [3][-]{subsubsection.6.45.3.17}{\376\377\0006\000.\0004\0005\000.\0003\000.\0001\0007\000\040\000R\000e\000g\000i\000s\000t\000e\000r\000\050\000\051\000\040\000[\0002\000/\0002\000]}{subsection.6.45.3}% 378
\BOOKMARK [3][-]{subsubsection.6.45.3.18}{\376\377\0006\000.\0004\0005\000.\0003\000.\0001\0008\000\040\000R\000e\000s\000e\000t\000P\000a\000s\000s\000w\000o\000r\000d\000\050\000\051\000\040\000[\0001\000/\0002\000]}{subsection.6.45.3}% 379
\BOOKMARK [3][-]{subsubsection.6.45.3.19}{\376\377\0006\000.\0004\0005\000.\0003\000.\0001\0009\000\040\000R\000e\000s\000e\000t\000P\000a\000s\000s\000w\000o\000r\000d\000\050\000\051\000\040\000[\0002\000/\0002\000]}{subsection.6.45.3}% 380
\BOOKMARK [3][-]{subsubsection.6.45.3.20}{\376\377\0006\000.\0004\0005\000.\0003\000.\0002\0000\000\040\000T\000w\000o\000F\000a\000c\000t\000o\000r\000A\000u\000t\000h\000e\000n\000t\000i\000c\000a\000t\000o\000r\000\050\000\051\000\040\000[\0001\000/\0002\000]}{subsection.6.45.3}% 381
\BOOKMARK [3][-]{subsubsection.6.45.3.21}{\376\377\0006\000.\0004\0005\000.\0003\000.\0002\0001\000\040\000T\000w\000o\000F\000a\000c\000t\000o\000r\000A\000u\000t\000h\000e\000n\000t\000i\000c\000a\000t\000o\000r\000\050\000\051\000\040\000[\0002\000/\0002\000]}{subsection.6.45.3}% 382
\BOOKMARK [3][-]{subsubsection.6.45.3.22}{\376\377\0006\000.\0004\0005\000.\0003\000.\0002\0002\000\040\000T\000w\000o\000F\000a\000c\000t\000o\000r\000L\000o\000g\000i\000n\000\050\000\051\000\040\000[\0001\000/\0002\000]}{subsection.6.45.3}% 383
\BOOKMARK [3][-]{subsubsection.6.45.3.23}{\376\377\0006\000.\0004\0005\000.\0003\000.\0002\0003\000\040\000T\000w\000o\000F\000a\000c\000t\000o\000r\000L\000o\000g\000i\000n\000\050\000\051\000\040\000[\0002\000/\0002\000]}{subsection.6.45.3}% 384
\BOOKMARK [3][-]{subsubsection.6.45.3.24}{\376\377\0006\000.\0004\0005\000.\0003\000.\0002\0004\000\040\000T\000w\000o\000F\000a\000c\000t\000o\000r\000T\000y\000p\000e\000\050\000\051\000\040\000[\0001\000/\0002\000]}{subsection.6.45.3}% 385
\BOOKMARK [3][-]{subsubsection.6.45.3.25}{\376\377\0006\000.\0004\0005\000.\0003\000.\0002\0005\000\040\000T\000w\000o\000F\000a\000c\000t\000o\000r\000T\000y\000p\000e\000\050\000\051\000\040\000[\0002\000/\0002\000]}{subsection.6.45.3}% 386
\BOOKMARK [1][-]{section.6.46}{\376\377\0006\000.\0004\0006\000\040\000D\000o\000t\000N\000e\000t\000I\000d\000e\000n\000t\000i\000t\000y\000.\000H\000e\000l\000p\000e\000r\000s\000.\000T\000a\000g\000H\000e\000l\000p\000e\000r\000s\000.\000U\000s\000e\000r\000P\000r\000o\000f\000i\000l\000e\000I\000m\000a\000g\000e\000T\000a\000g\000H\000e\000l\000p\000e\000r\000\040\000C\000l\000a\000s\000s\000\040\000R\000e\000f\000e\000r\000e\000n\000c\000e}{chapter.6}% 387
\BOOKMARK [2][-]{subsection.6.46.1}{\376\377\0006\000.\0004\0006\000.\0001\000\040\000D\000e\000t\000a\000i\000l\000e\000d\000\040\000D\000e\000s\000c\000r\000i\000p\000t\000i\000o\000n}{section.6.46}% 388
\BOOKMARK [2][-]{subsection.6.46.2}{\376\377\0006\000.\0004\0006\000.\0002\000\040\000C\000o\000n\000s\000t\000r\000u\000c\000t\000o\000r\000\040\000\046\000\040\000D\000e\000s\000t\000r\000u\000c\000t\000o\000r\000\040\000D\000o\000c\000u\000m\000e\000n\000t\000a\000t\000i\000o\000n}{section.6.46}% 389
\BOOKMARK [3][-]{subsubsection.6.46.2.1}{\376\377\0006\000.\0004\0006\000.\0002\000.\0001\000\040\000U\000s\000e\000r\000P\000r\000o\000f\000i\000l\000e\000I\000m\000a\000g\000e\000T\000a\000g\000H\000e\000l\000p\000e\000r\000\050\000\051}{subsection.6.46.2}% 390
\BOOKMARK [2][-]{subsection.6.46.3}{\376\377\0006\000.\0004\0006\000.\0003\000\040\000M\000e\000m\000b\000e\000r\000\040\000F\000u\000n\000c\000t\000i\000o\000n\000\040\000D\000o\000c\000u\000m\000e\000n\000t\000a\000t\000i\000o\000n}{section.6.46}% 391
\BOOKMARK [3][-]{subsubsection.6.46.3.1}{\376\377\0006\000.\0004\0006\000.\0003\000.\0001\000\040\000P\000r\000o\000c\000e\000s\000s\000A\000s\000y\000n\000c\000\050\000\051}{subsection.6.46.3}% 392
\BOOKMARK [2][-]{subsection.6.46.4}{\376\377\0006\000.\0004\0006\000.\0004\000\040\000P\000r\000o\000p\000e\000r\000t\000y\000\040\000D\000o\000c\000u\000m\000e\000n\000t\000a\000t\000i\000o\000n}{section.6.46}% 393
\BOOKMARK [3][-]{subsubsection.6.46.4.1}{\376\377\0006\000.\0004\0006\000.\0004\000.\0001\000\040\000U\000s\000e\000r\000I\000d}{subsection.6.46.4}% 394
\BOOKMARK [1][-]{section.6.47}{\376\377\0006\000.\0004\0007\000\040\000D\000o\000t\000N\000e\000t\000I\000d\000e\000n\000t\000i\000t\000y\000.\000H\000e\000l\000p\000e\000r\000s\000.\000T\000a\000g\000H\000e\000l\000p\000e\000r\000s\000.\000U\000s\000e\000r\000R\000o\000l\000e\000s\000T\000a\000g\000H\000e\000l\000p\000e\000r\000\040\000C\000l\000a\000s\000s\000\040\000R\000e\000f\000e\000r\000e\000n\000c\000e}{chapter.6}% 395
\BOOKMARK [2][-]{subsection.6.47.1}{\376\377\0006\000.\0004\0007\000.\0001\000\040\000D\000e\000t\000a\000i\000l\000e\000d\000\040\000D\000e\000s\000c\000r\000i\000p\000t\000i\000o\000n}{section.6.47}% 396
\BOOKMARK [2][-]{subsection.6.47.2}{\376\377\0006\000.\0004\0007\000.\0002\000\040\000C\000o\000n\000s\000t\000r\000u\000c\000t\000o\000r\000\040\000\046\000\040\000D\000e\000s\000t\000r\000u\000c\000t\000o\000r\000\040\000D\000o\000c\000u\000m\000e\000n\000t\000a\000t\000i\000o\000n}{section.6.47}% 397
\BOOKMARK [3][-]{subsubsection.6.47.2.1}{\376\377\0006\000.\0004\0007\000.\0002\000.\0001\000\040\000U\000s\000e\000r\000R\000o\000l\000e\000s\000T\000a\000g\000H\000e\000l\000p\000e\000r\000\050\000\051}{subsection.6.47.2}% 398
\BOOKMARK [2][-]{subsection.6.47.3}{\376\377\0006\000.\0004\0007\000.\0003\000\040\000M\000e\000m\000b\000e\000r\000\040\000F\000u\000n\000c\000t\000i\000o\000n\000\040\000D\000o\000c\000u\000m\000e\000n\000t\000a\000t\000i\000o\000n}{section.6.47}% 399
\BOOKMARK [3][-]{subsubsection.6.47.3.1}{\376\377\0006\000.\0004\0007\000.\0003\000.\0001\000\040\000P\000r\000o\000c\000e\000s\000s\000A\000s\000y\000n\000c\000\050\000\051}{subsection.6.47.3}% 400
\BOOKMARK [2][-]{subsection.6.47.4}{\376\377\0006\000.\0004\0007\000.\0004\000\040\000P\000r\000o\000p\000e\000r\000t\000y\000\040\000D\000o\000c\000u\000m\000e\000n\000t\000a\000t\000i\000o\000n}{section.6.47}% 401
\BOOKMARK [3][-]{subsubsection.6.47.4.1}{\376\377\0006\000.\0004\0007\000.\0004\000.\0001\000\040\000U\000s\000e\000r\000I\000d}{subsection.6.47.4}% 402
\BOOKMARK [1][-]{section.6.48}{\376\377\0006\000.\0004\0008\000\040\000D\000o\000t\000N\000e\000t\000I\000d\000e\000n\000t\000i\000t\000y\000.\000I\000d\000e\000n\000t\000i\000t\000y\000S\000e\000t\000t\000i\000n\000g\000s\000.\000V\000a\000l\000i\000d\000a\000t\000o\000r\000s\000.\000U\000s\000e\000r\000V\000a\000l\000i\000d\000a\000t\000o\000r\000\040\000C\000l\000a\000s\000s\000\040\000R\000e\000f\000e\000r\000e\000n\000c\000e}{chapter.6}% 403
\BOOKMARK [2][-]{subsection.6.48.1}{\376\377\0006\000.\0004\0008\000.\0001\000\040\000D\000e\000t\000a\000i\000l\000e\000d\000\040\000D\000e\000s\000c\000r\000i\000p\000t\000i\000o\000n}{section.6.48}% 404
\BOOKMARK [2][-]{subsection.6.48.2}{\376\377\0006\000.\0004\0008\000.\0002\000\040\000M\000e\000m\000b\000e\000r\000\040\000F\000u\000n\000c\000t\000i\000o\000n\000\040\000D\000o\000c\000u\000m\000e\000n\000t\000a\000t\000i\000o\000n}{section.6.48}% 405
\BOOKMARK [3][-]{subsubsection.6.48.2.1}{\376\377\0006\000.\0004\0008\000.\0002\000.\0001\000\040\000V\000a\000l\000i\000d\000a\000t\000e\000A\000s\000y\000n\000c\000\050\000\051}{subsection.6.48.2}% 406
\BOOKMARK [0][-]{section*.99}{\376\377\000I\000n\000d\000e\000x}{}% 407
